\BOOKMARK [0][-]{chapter.1}{Introduction}{}% 1
\BOOKMARK [1][-]{section.1.1}{Contributors}{chapter.1}% 2
\BOOKMARK [1][-]{section.1.2}{Distribution}{chapter.1}% 3
\BOOKMARK [0][-]{chapter.2}{Project structure}{}% 4
\BOOKMARK [1][-]{section.2.1}{Introduction}{chapter.2}% 5
\BOOKMARK [1][-]{section.2.2}{GUI}{chapter.2}% 6
\BOOKMARK [2][-]{subsection.2.2.1}{New project}{section.2.2}% 7
\BOOKMARK [2][-]{subsection.2.2.2}{Open project}{section.2.2}% 8
\BOOKMARK [2][-]{subsection.2.2.3}{Clone opened project}{section.2.2}% 9
\BOOKMARK [1][-]{section.2.3}{Files and folders}{chapter.2}% 10
\BOOKMARK [2][-]{subsection.2.3.1}{Working with SQL}{section.2.3}% 11
\BOOKMARK [2][-]{subsection.2.3.2}{Files}{section.2.3}% 12
\BOOKMARK [3][-]{subsubsection.2.3.2.1}{project.txt}{subsection.2.3.2}% 13
\BOOKMARK [3][-]{subsubsection.2.3.2.2}{options.txt}{subsection.2.3.2}% 14
\BOOKMARK [3][-]{subsubsection.2.3.2.3}{dta.dat}{subsection.2.3.2}% 15
\BOOKMARK [3][-]{subsubsection.2.3.2.4}{paths.dat}{subsection.2.3.2}% 16
\BOOKMARK [2][-]{subsection.2.3.3}{Folders}{section.2.3}% 17
\BOOKMARK [-1][-]{part.1}{I User interface}{}% 18
\BOOKMARK [0][-]{chapter.3}{Traffic network}{part.1}% 19
\BOOKMARK [1][-]{section.3.1}{Introduction}{chapter.3}% 20
\BOOKMARK [1][-]{section.3.2}{Nodes}{chapter.3}% 21
\BOOKMARK [2][-]{subsection.3.2.1}{nodes.txt}{section.3.2}% 22
\BOOKMARK [2][-]{subsection.3.2.2}{phases.txt}{section.3.2}% 23
\BOOKMARK [2][-]{subsection.3.2.3}{signals.txt}{section.3.2}% 24
\BOOKMARK [2][-]{subsection.3.2.4}{GUI panel}{section.3.2}% 25
\BOOKMARK [1][-]{section.3.3}{Links}{chapter.3}% 26
\BOOKMARK [2][-]{subsection.3.3.1}{links.txt}{section.3.3}% 27
\BOOKMARK [2][-]{subsection.3.3.2}{link\137coordinates.txt}{section.3.3}% 28
\BOOKMARK [2][-]{subsection.3.3.3}{GUI}{section.3.3}% 29
\BOOKMARK [1][-]{section.3.4}{Import network}{chapter.3}% 30
\BOOKMARK [0][-]{chapter.4}{Transit}{part.1}% 31
\BOOKMARK [1][-]{section.4.1}{Introduction}{chapter.4}% 32
\BOOKMARK [1][-]{section.4.2}{Files}{chapter.4}% 33
\BOOKMARK [2][-]{subsection.4.2.1}{bus.txt}{section.4.2}% 34
\BOOKMARK [2][-]{subsection.4.2.2}{bus\137route\137link.txt}{section.4.2}% 35
\BOOKMARK [2][-]{subsection.4.2.3}{bus\137frequency.txt}{section.4.2}% 36
\BOOKMARK [2][-]{subsection.4.2.4}{bus\137period.txt}{section.4.2}% 37
\BOOKMARK [1][-]{section.4.3}{GUI}{chapter.4}% 38
\BOOKMARK [0][-]{chapter.5}{Demand}{part.1}% 39
\BOOKMARK [1][-]{section.5.1}{Introduction}{chapter.5}% 40
\BOOKMARK [1][-]{section.5.2}{Files}{chapter.5}% 41
\BOOKMARK [2][-]{subsection.5.2.1}{static\137od.txt}{section.5.2}% 42
\BOOKMARK [2][-]{subsection.5.2.2}{dynamic\137od.txt}{section.5.2}% 43
\BOOKMARK [2][-]{subsection.5.2.3}{demand\137profile.txt}{section.5.2}% 44
\BOOKMARK [2][-]{subsection.5.2.4}{demand.txt}{section.5.2}% 45
\BOOKMARK [1][-]{section.5.3}{GUI}{chapter.5}% 46
\BOOKMARK [2][-]{subsection.5.3.1}{Import demand}{section.5.3}% 47
\BOOKMARK [2][-]{subsection.5.3.2}{Creating demand}{section.5.3}% 48
\BOOKMARK [0][-]{chapter.6}{Dynamic traffic assignment}{part.1}% 49
\BOOKMARK [0][-]{chapter.7}{Editor}{part.1}% 50
\BOOKMARK [1][-]{section.7.1}{View options}{chapter.7}% 51
\BOOKMARK [2][-]{subsection.7.1.1}{Map}{section.7.1}% 52
\BOOKMARK [2][-]{subsection.7.1.2}{View menu}{section.7.1}% 53
\BOOKMARK [2][-]{subsection.7.1.3}{Layers panel}{section.7.1}% 54
\BOOKMARK [1][-]{section.7.2}{Visualization panel}{chapter.7}% 55
\BOOKMARK [2][-]{subsection.7.2.1}{Node visualization}{section.7.2}% 56
\BOOKMARK [3][-]{subsubsection.7.2.1.1}{Node type rule}{subsection.7.2.1}% 57
\BOOKMARK [3][-]{subsubsection.7.2.1.2}{Node data rule}{subsection.7.2.1}% 58
\BOOKMARK [3][-]{subsubsection.7.2.1.3}{Node file rule}{subsection.7.2.1}% 59
\BOOKMARK [2][-]{subsection.7.2.2}{Link visualization}{section.7.2}% 60
\BOOKMARK [3][-]{subsubsection.7.2.2.1}{Link type rule}{subsection.7.2.2}% 61
\BOOKMARK [3][-]{subsubsection.7.2.2.2}{Link data rule}{subsection.7.2.2}% 62
\BOOKMARK [3][-]{subsubsection.7.2.2.3}{Link file rule}{subsection.7.2.2}% 63
\BOOKMARK [1][-]{section.7.3}{Network modification}{chapter.7}% 64
\BOOKMARK [2][-]{subsection.7.3.1}{Node options}{section.7.3}% 65
\BOOKMARK [2][-]{subsection.7.3.2}{Link options}{section.7.3}% 66
\BOOKMARK [-1][-]{part.2}{II Application programming interface}{}% 67
\BOOKMARK [0][-]{chapter.8}{avdta package}{part.2}% 68
\BOOKMARK [0][-]{chapter.9}{Package avdta.project}{part.2}% 69
\BOOKMARK [1][-]{section.9.1}{Organization}{chapter.9}% 70
\BOOKMARK [1][-]{section.9.2}{Working with Projects}{chapter.9}% 71
\BOOKMARK [2][-]{subsection.9.2.1}{Creating a new project}{section.9.2}% 72
\BOOKMARK [2][-]{subsection.9.2.2}{Importing data}{section.9.2}% 73
\BOOKMARK [2][-]{subsection.9.2.3}{Opening a project}{section.9.2}% 74
\BOOKMARK [0][-]{chapter.10}{Package avdta.network}{part.2}% 75
\BOOKMARK [1][-]{section.10.1}{Package avdta.network organization}{chapter.10}% 76
\BOOKMARK [2][-]{subsection.10.1.1}{Shortest paths}{section.10.1}% 77
\BOOKMARK [2][-]{subsection.10.1.2}{Simulation}{section.10.1}% 78
\BOOKMARK [1][-]{section.10.2}{avdta.network.cost}{chapter.10}% 79
\BOOKMARK [1][-]{section.10.3}{Package avdta.network.node}{chapter.10}% 80
\BOOKMARK [2][-]{subsection.10.3.1}{Node.step\(\)}{section.10.3}% 81
\BOOKMARK [2][-]{subsection.10.3.2}{Signalized}{section.10.3}% 82
\BOOKMARK [3][-]{subsubsection.10.3.2.1}{Intersection controls}{subsection.10.3.2}% 83
\BOOKMARK [2][-]{subsection.10.3.3}{Reservation-based intersection control}{section.10.3}% 84
\BOOKMARK [2][-]{subsection.10.3.4}{Creating a new type of intersection control}{section.10.3}% 85
\BOOKMARK [1][-]{section.10.4}{Package avdta.network.link}{chapter.10}% 86
\BOOKMARK [2][-]{subsection.10.4.1}{CTMLink}{section.10.4}% 87
\BOOKMARK [2][-]{subsection.10.4.2}{LTMLink}{section.10.4}% 88
\BOOKMARK [2][-]{subsection.10.4.3}{Creating a new link class}{section.10.4}% 89
\BOOKMARK [2][-]{subsection.10.4.4}{avdta.network.link.transit}{section.10.4}% 90
\BOOKMARK [1][-]{section.10.5}{``Record'' classes}{chapter.10}% 91
\BOOKMARK [0][-]{chapter.11}{Package avdta.vehicle}{part.2}% 92
\BOOKMARK [1][-]{section.11.1}{Location tracking}{chapter.11}% 93
\BOOKMARK [1][-]{section.11.2}{PersonalVehicle}{chapter.11}% 94
\BOOKMARK [1][-]{section.11.3}{DriverType}{chapter.11}% 95
\BOOKMARK [1][-]{section.11.4}{VehicleClass}{chapter.11}% 96
\BOOKMARK [0][-]{chapter.12}{Package avdta.dta}{part.2}% 97
\BOOKMARK [1][-]{section.12.1}{Method of successive averages}{chapter.12}% 98
\BOOKMARK [1][-]{section.12.2}{Creating subnetworks}{chapter.12}% 99
\BOOKMARK [0][-]{chapter.13}{Package avdta.gui}{part.2}% 100
\BOOKMARK [1][-]{section.13.1}{Package avdta.gui.panels}{chapter.13}% 101
\BOOKMARK [1][-]{section.13.2}{Package avdta.gui.editor}{chapter.13}% 102
\BOOKMARK [2][-]{subsection.13.2.1}{Package avdta.gui.editor.visual}{section.13.2}% 103
\BOOKMARK [2][-]{subsection.13.2.2}{Editing nodes and links}{section.13.2}% 104
\BOOKMARK [1][-]{section.13.3}{Package avdta.gui.util}{chapter.13}% 105
\BOOKMARK [0][-]{chapter.14}{Examples}{part.2}% 106
\BOOKMARK [0][-]{section*.1}{Appendices}{part.2}% 107
\BOOKMARK [0][-]{Appendix.1.A}{Abbreviations}{part.2}% 108
\BOOKMARK [0][-]{table.1.A.1}{References}{part.2}% 109
