This is pdfTeX, Version 3.1415926-2.4-1.40.13 (MiKTeX 2.9) (preloaded format=pdflatex 2016.1.20)  4 MAY 2017 11:04
entering extended mode
**AVDTA.tex
(C:\Users\ml26893\Documents\avdta2\AVDTA2\documentation\AVDTA.tex
LaTeX2e <2011/06/27>
Babel <v3.8m> and hyphenation patterns for english, afrikaans, ancientgreek, ar
abic, armenian, assamese, basque, bengali, bokmal, bulgarian, catalan, coptic, 
croatian, czech, danish, dutch, esperanto, estonian, farsi, finnish, french, ga
lician, german, german-x-2012-05-30, greek, gujarati, hindi, hungarian, iceland
ic, indonesian, interlingua, irish, italian, kannada, kurmanji, latin, latvian,
 lithuanian, malayalam, marathi, mongolian, mongolianlmc, monogreek, ngerman, n
german-x-2012-05-30, nynorsk, oriya, panjabi, pinyin, polish, portuguese, roman
ian, russian, sanskrit, serbian, slovak, slovenian, spanish, swedish, swissgerm
an, tamil, telugu, turkish, turkmen, ukenglish, ukrainian, uppersorbian, usengl
ishmax, welsh, loaded.
("C:\Program Files\MiKTeX 2.9\tex\latex\base\report.cls"
Document Class: report 2007/10/19 v1.4h Standard LaTeX document class
("C:\Program Files\MiKTeX 2.9\tex\latex\base\size12.clo"
File: size12.clo 2007/10/19 v1.4h Standard LaTeX file (size option)
)
\c@part=\count79
\c@chapter=\count80
\c@section=\count81
\c@subsection=\count82
\c@subsubsection=\count83
\c@paragraph=\count84
\c@subparagraph=\count85
\c@figure=\count86
\c@table=\count87
\abovecaptionskip=\skip41
\belowcaptionskip=\skip42
\bibindent=\dimen102
)
("C:\Program Files\MiKTeX 2.9\tex\latex\preprint\fullpage.sty"
Package: fullpage 1999/02/23 1.1 (PWD)
\FP@margin=\skip43
)
("C:\Program Files\MiKTeX 2.9\tex\latex\tools\indentfirst.sty"
Package: indentfirst 1995/11/23 v1.03 Indent first paragraph (DPC)
)
("C:\Program Files\MiKTeX 2.9\tex\latex\graphics\graphicx.sty"
Package: graphicx 1999/02/16 v1.0f Enhanced LaTeX Graphics (DPC,SPQR)

("C:\Program Files\MiKTeX 2.9\tex\latex\graphics\keyval.sty"
Package: keyval 1999/03/16 v1.13 key=value parser (DPC)
\KV@toks@=\toks14
)
("C:\Program Files\MiKTeX 2.9\tex\latex\graphics\graphics.sty"
Package: graphics 2009/02/05 v1.0o Standard LaTeX Graphics (DPC,SPQR)

("C:\Program Files\MiKTeX 2.9\tex\latex\graphics\trig.sty"
Package: trig 1999/03/16 v1.09 sin cos tan (DPC)
)
("C:\Program Files\MiKTeX 2.9\tex\latex\00miktex\graphics.cfg"
File: graphics.cfg 2007/01/18 v1.5 graphics configuration of teTeX/TeXLive
)
Package graphics Info: Driver file: pdftex.def on input line 91.

("C:\Program Files\MiKTeX 2.9\tex\latex\pdftex-def\pdftex.def"
File: pdftex.def 2011/05/27 v0.06d Graphics/color for pdfTeX

("C:\Program Files\MiKTeX 2.9\tex\generic\oberdiek\infwarerr.sty"
Package: infwarerr 2010/04/08 v1.3 Providing info/warning/error messages (HO)
)
("C:\Program Files\MiKTeX 2.9\tex\generic\oberdiek\ltxcmds.sty"
Package: ltxcmds 2011/11/09 v1.22 LaTeX kernel commands for general use (HO)
)
\Gread@gobject=\count88
))
\Gin@req@height=\dimen103
\Gin@req@width=\dimen104
)
("C:\Program Files\MiKTeX 2.9\tex\latex\caption\caption.sty"
Package: caption 2013/05/02 v3.3-89 Customizing captions (AR)

("C:\Program Files\MiKTeX 2.9\tex\latex\caption\caption3.sty"
Package: caption3 2013/05/02 v1.6-88 caption3 kernel (AR)
Package caption3 Info: TeX engine: e-TeX on input line 57.
\captionmargin=\dimen105
\captionmargin@=\dimen106
\captionwidth=\dimen107
\caption@tempdima=\dimen108
\caption@indent=\dimen109
\caption@parindent=\dimen110
\caption@hangindent=\dimen111
)
\c@ContinuedFloat=\count89
)
("C:\Program Files\MiKTeX 2.9\tex\latex\tocloft\tocloft.sty"
Package: tocloft 2013/05/02 v2.3f parameterised ToC, etc., typesetting
Package tocloft Info: The document has chapter divisions on input line 44.
\cftparskip=\skip44
\cftbeforetoctitleskip=\skip45
\cftaftertoctitleskip=\skip46
\cftbeforepartskip=\skip47
\cftpartnumwidth=\skip48
\cftpartindent=\skip49
\cftbeforechapskip=\skip50
\cftchapindent=\skip51
\cftchapnumwidth=\skip52
\cftbeforesecskip=\skip53
\cftsecindent=\skip54
\cftsecnumwidth=\skip55
\cftbeforesubsecskip=\skip56
\cftsubsecindent=\skip57
\cftsubsecnumwidth=\skip58
\cftbeforesubsubsecskip=\skip59
\cftsubsubsecindent=\skip60
\cftsubsubsecnumwidth=\skip61
\cftbeforeparaskip=\skip62
\cftparaindent=\skip63
\cftparanumwidth=\skip64
\cftbeforesubparaskip=\skip65
\cftsubparaindent=\skip66
\cftsubparanumwidth=\skip67
\cftbeforeloftitleskip=\skip68
\cftafterloftitleskip=\skip69
\cftbeforefigskip=\skip70
\cftfigindent=\skip71
\cftfignumwidth=\skip72
\c@lofdepth=\count90
\c@lotdepth=\count91
\cftbeforelottitleskip=\skip73
\cftafterlottitleskip=\skip74
\cftbeforetabskip=\skip75
\cfttabindent=\skip76
\cfttabnumwidth=\skip77
)
("C:\Program Files\MiKTeX 2.9\tex\latex\tools\enumerate.sty"
Package: enumerate 1999/03/05 v3.00 enumerate extensions (DPC)
\@enLab=\toks15
)
("C:\Program Files\MiKTeX 2.9\tex\latex\mathalfa\mathalfa.sty"
Package: mathalfa 2012/07/10 - 1.07mathalfa (License LPPL) Michael Sharpe

("C:\Program Files\MiKTeX 2.9\tex\latex\xkeyval\xkeyval.sty"
Package: xkeyval 2012/10/14 v2.6b package option processing (HA)

("C:\Program Files\MiKTeX 2.9\tex\generic\xkeyval\xkeyval.tex"
\XKV@toks=\toks16
\XKV@tempa@toks=\toks17
\XKV@depth=\count92
File: xkeyval.tex 2012/10/14 v2.6b key=value parser (HA)
))
LaTeX Font Info:    Redeclaring math alphabet \mathcal on input line 282.
LaTeX Font Info:    Overwriting math alphabet `\mathcal' in version `bold'
(Font)                  U/BOONDOX-calo/m/n --> U/BOONDOX-calo/b/n on input line
 283.
)
("C:\Program Files\MiKTeX 2.9\tex\latex\psnfss\courier.sty"
Package: courier 2005/04/12 PSNFSS-v9.2a (WaS) 
)
("C:\Program Files\MiKTeX 2.9\tex\latex\hyperref\hyperref.sty"
Package: hyperref 2012/11/06 v6.83m Hypertext links for LaTeX

("C:\Program Files\MiKTeX 2.9\tex\generic\oberdiek\hobsub-hyperref.sty"
Package: hobsub-hyperref 2012/04/25 v1.12 Bundle oberdiek, subset hyperref (HO)


("C:\Program Files\MiKTeX 2.9\tex\generic\oberdiek\hobsub-generic.sty"
Package: hobsub-generic 2012/04/25 v1.12 Bundle oberdiek, subset generic (HO)
Package: hobsub 2012/04/25 v1.12 Construct package bundles (HO)
Package hobsub Info: Skipping package `infwarerr' (already loaded).
Package hobsub Info: Skipping package `ltxcmds' (already loaded).
Package: ifluatex 2010/03/01 v1.3 Provides the ifluatex switch (HO)
Package ifluatex Info: LuaTeX not detected.
Package: ifvtex 2010/03/01 v1.5 Detect VTeX and its facilities (HO)
Package ifvtex Info: VTeX not detected.
Package: intcalc 2007/09/27 v1.1 Expandable calculations with integers (HO)
Package: ifpdf 2011/01/30 v2.3 Provides the ifpdf switch (HO)
Package ifpdf Info: pdfTeX in PDF mode is detected.
Package: etexcmds 2011/02/16 v1.5 Avoid name clashes with e-TeX commands (HO)
Package etexcmds Info: Could not find \expanded.
(etexcmds)             That can mean that you are not using pdfTeX 1.50 or
(etexcmds)             that some package has redefined \expanded.
(etexcmds)             In the latter case, load this package earlier.
Package: kvsetkeys 2012/04/25 v1.16 Key value parser (HO)
Package: kvdefinekeys 2011/04/07 v1.3 Define keys (HO)
Package: pdftexcmds 2011/11/29 v0.20 Utility functions of pdfTeX for LuaTeX (HO
)
Package pdftexcmds Info: LuaTeX not detected.
Package pdftexcmds Info: \pdf@primitive is available.
Package pdftexcmds Info: \pdf@ifprimitive is available.
Package pdftexcmds Info: \pdfdraftmode found.
Package: pdfescape 2011/11/25 v1.13 Implements pdfTeX's escape features (HO)
Package: bigintcalc 2012/04/08 v1.3 Expandable calculations on big integers (HO
)
Package: bitset 2011/01/30 v1.1 Handle bit-vector datatype (HO)
Package: uniquecounter 2011/01/30 v1.2 Provide unlimited unique counter (HO)
)
Package hobsub Info: Skipping package `hobsub' (already loaded).
Package: letltxmacro 2010/09/02 v1.4 Let assignment for LaTeX macros (HO)
Package: hopatch 2011/06/24 v1.1 Wrapper for package hooks (HO)
Package: xcolor-patch 2011/01/30 xcolor patch
Package: atveryend 2011/06/30 v1.8 Hooks at the very end of document (HO)
Package atveryend Info: \enddocument detected (standard20110627).
Package: atbegshi 2011/10/05 v1.16 At begin shipout hook (HO)
Package: refcount 2011/10/16 v3.4 Data extraction from label references (HO)
Package: hycolor 2011/01/30 v1.7 Color options for hyperref/bookmark (HO)
)
("C:\Program Files\MiKTeX 2.9\tex\generic\ifxetex\ifxetex.sty"
Package: ifxetex 2010/09/12 v0.6 Provides ifxetex conditional
)
("C:\Program Files\MiKTeX 2.9\tex\latex\oberdiek\auxhook.sty"
Package: auxhook 2011/03/04 v1.3 Hooks for auxiliary files (HO)
)
("C:\Program Files\MiKTeX 2.9\tex\latex\oberdiek\kvoptions.sty"
Package: kvoptions 2011/06/30 v3.11 Key value format for package options (HO)
)
\@linkdim=\dimen112
\Hy@linkcounter=\count93
\Hy@pagecounter=\count94

("C:\Program Files\MiKTeX 2.9\tex\latex\hyperref\pd1enc.def"
File: pd1enc.def 2012/11/06 v6.83m Hyperref: PDFDocEncoding definition (HO)
)
\Hy@SavedSpaceFactor=\count95

("C:\Program Files\MiKTeX 2.9\tex\latex\00miktex\hyperref.cfg"
File: hyperref.cfg 2002/06/06 v1.2 hyperref configuration of TeXLive
)
Package hyperref Info: Hyper figures OFF on input line 4443.
Package hyperref Info: Link nesting OFF on input line 4448.
Package hyperref Info: Hyper index ON on input line 4451.
Package hyperref Info: Plain pages OFF on input line 4458.
Package hyperref Info: Backreferencing OFF on input line 4463.
Package hyperref Info: Implicit mode ON; LaTeX internals redefined.
Package hyperref Info: Bookmarks ON on input line 4688.
\c@Hy@tempcnt=\count96

("C:\Program Files\MiKTeX 2.9\tex\latex\ltxmisc\url.sty"
\Urlmuskip=\muskip10
Package: url 2006/04/12  ver 3.3  Verb mode for urls, etc.
)
LaTeX Info: Redefining \url on input line 5041.
\XeTeXLinkMargin=\dimen113
\Fld@menulength=\count97
\Field@Width=\dimen114
\Fld@charsize=\dimen115
Package hyperref Info: Hyper figures OFF on input line 6295.
Package hyperref Info: Link nesting OFF on input line 6300.
Package hyperref Info: Hyper index ON on input line 6303.
Package hyperref Info: backreferencing OFF on input line 6310.
Package hyperref Info: Link coloring OFF on input line 6315.
Package hyperref Info: Link coloring with OCG OFF on input line 6320.
Package hyperref Info: PDF/A mode OFF on input line 6325.
LaTeX Info: Redefining \ref on input line 6365.
LaTeX Info: Redefining \pageref on input line 6369.
\Hy@abspage=\count98
\c@Item=\count99
\c@Hfootnote=\count100
)

Package hyperref Message: Driver (autodetected): hpdftex.

("C:\Program Files\MiKTeX 2.9\tex\latex\hyperref\hpdftex.def"
File: hpdftex.def 2012/11/06 v6.83m Hyperref driver for pdfTeX
\Fld@listcount=\count101
\c@bookmark@seq@number=\count102

("C:\Program Files\MiKTeX 2.9\tex\latex\oberdiek\rerunfilecheck.sty"
Package: rerunfilecheck 2011/04/15 v1.7 Rerun checks for auxiliary files (HO)
Package uniquecounter Info: New unique counter `rerunfilecheck' on input line 2
82.
)
\Hy@SectionHShift=\skip78
)
("C:\Program Files\MiKTeX 2.9\tex\latex\tools\longtable.sty"
Package: longtable 2004/02/01 v4.11 Multi-page Table package (DPC)
\LTleft=\skip79
\LTright=\skip80
\LTpre=\skip81
\LTpost=\skip82
\LTchunksize=\count103
\LTcapwidth=\dimen116
\LT@head=\box26
\LT@firsthead=\box27
\LT@foot=\box28
\LT@lastfoot=\box29
\LT@cols=\count104
\LT@rows=\count105
\c@LT@tables=\count106
\c@LT@chunks=\count107
\LT@p@ftn=\toks18
)
("C:\Program Files\MiKTeX 2.9\tex\latex\amsmath\amsmath.sty"
Package: amsmath 2013/01/14 v2.14 AMS math features
\@mathmargin=\skip83

For additional information on amsmath, use the `?' option.
("C:\Program Files\MiKTeX 2.9\tex\latex\amsmath\amstext.sty"
Package: amstext 2000/06/29 v2.01

("C:\Program Files\MiKTeX 2.9\tex\latex\amsmath\amsgen.sty"
File: amsgen.sty 1999/11/30 v2.0
\@emptytoks=\toks19
\ex@=\dimen117
))
("C:\Program Files\MiKTeX 2.9\tex\latex\amsmath\amsbsy.sty"
Package: amsbsy 1999/11/29 v1.2d
\pmbraise@=\dimen118
)
("C:\Program Files\MiKTeX 2.9\tex\latex\amsmath\amsopn.sty"
Package: amsopn 1999/12/14 v2.01 operator names
)
\inf@bad=\count108
LaTeX Info: Redefining \frac on input line 210.
\uproot@=\count109
\leftroot@=\count110
LaTeX Info: Redefining \overline on input line 306.
\classnum@=\count111
\DOTSCASE@=\count112
LaTeX Info: Redefining \ldots on input line 378.
LaTeX Info: Redefining \dots on input line 381.
LaTeX Info: Redefining \cdots on input line 466.
\Mathstrutbox@=\box30
\strutbox@=\box31
\big@size=\dimen119
LaTeX Font Info:    Redeclaring font encoding OML on input line 566.
LaTeX Font Info:    Redeclaring font encoding OMS on input line 567.
\macc@depth=\count113
\c@MaxMatrixCols=\count114
\dotsspace@=\muskip11
\c@parentequation=\count115
\dspbrk@lvl=\count116
\tag@help=\toks20
\row@=\count117
\column@=\count118
\maxfields@=\count119
\andhelp@=\toks21
\eqnshift@=\dimen120
\alignsep@=\dimen121
\tagshift@=\dimen122
\tagwidth@=\dimen123
\totwidth@=\dimen124
\lineht@=\dimen125
\@envbody=\toks22
\multlinegap=\skip84
\multlinetaggap=\skip85
\mathdisplay@stack=\toks23
LaTeX Info: Redefining \[ on input line 2665.
LaTeX Info: Redefining \] on input line 2666.
)
("C:\Program Files\MiKTeX 2.9\tex\latex\amscls\amsthm.sty"
Package: amsthm 2004/08/06 v2.20
\thm@style=\toks24
\thm@bodyfont=\toks25
\thm@headfont=\toks26
\thm@notefont=\toks27
\thm@headpunct=\toks28
\thm@preskip=\skip86
\thm@postskip=\skip87
\thm@headsep=\skip88
\dth@everypar=\toks29
)
("C:\Program Files\MiKTeX 2.9\tex\latex\amsfonts\amssymb.sty"
Package: amssymb 2013/01/14 v3.01 AMS font symbols

("C:\Program Files\MiKTeX 2.9\tex\latex\amsfonts\amsfonts.sty"
Package: amsfonts 2013/01/14 v3.01 Basic AMSFonts support
\symAMSa=\mathgroup4
\symAMSb=\mathgroup5
LaTeX Font Info:    Overwriting math alphabet `\mathfrak' in version `bold'
(Font)                  U/euf/m/n --> U/euf/b/n on input line 106.
))
("C:\Program Files\MiKTeX 2.9\tex\latex\cite\cite.sty"
LaTeX Info: Redefining \cite on input line 302.
LaTeX Info: Redefining \nocite on input line 373.
Package: cite 2010/09/10  v 5.3
)
("C:\Program Files\MiKTeX 2.9\tex\latex\amsfonts\euscript.sty"
Package: euscript 2009/06/22 v3.00 Euler Script fonts
LaTeX Font Info:    Overwriting math alphabet `\EuScript' in version `bold'
(Font)                  U/eus/m/n --> U/eus/b/n on input line 33.
)
("C:\Program Files\MiKTeX 2.9\tex\latex\algorithms\algorithm.sty"
Package: algorithm 2009/08/24 v0.1 Document Style `algorithm' - floating enviro
nment

("C:\Program Files\MiKTeX 2.9\tex\latex\float\float.sty"
Package: float 2001/11/08 v1.3d Float enhancements (AL)
\c@float@type=\count120
\float@exts=\toks30
\float@box=\box32
\@float@everytoks=\toks31
\@floatcapt=\box33
)
("C:\Program Files\MiKTeX 2.9\tex\latex\base\ifthen.sty"
Package: ifthen 2001/05/26 v1.1c Standard LaTeX ifthen package (DPC)
)
\@float@every@algorithm=\toks32
\c@algorithm=\count121
)
("C:\Program Files\MiKTeX 2.9\tex\latex\algorithmicx\algpseudocode.sty"
Package: algpseudocode 

("C:\Program Files\MiKTeX 2.9\tex\latex\algorithmicx\algorithmicx.sty"
Package: algorithmicx 2005/04/27 v1.2 Algorithmicx

Document Style algorithmicx 1.2 - a greatly improved `algorithmic' style
\c@ALG@line=\count122
\c@ALG@rem=\count123
\c@ALG@nested=\count124
\ALG@tlm=\skip89
\ALG@thistlm=\skip90
\c@ALG@Lnr=\count125
\c@ALG@blocknr=\count126
\c@ALG@storecount=\count127
\c@ALG@tmpcounter=\count128
\ALG@tmplength=\skip91
)
Document Style - pseudocode environments for use with the `algorithmicx' style
) ("C:\Program Files\MiKTeX 2.9\tex\latex\tools\verbatim.sty"
Package: verbatim 2003/08/22 v1.5q LaTeX2e package for verbatim enhancements
\every@verbatim=\toks33
\verbatim@line=\toks34
\verbatim@in@stream=\read1
)
("C:\Program Files\MiKTeX 2.9\tex\latex\appendix\appendix.sty"
Package: appendix 2009/09/02 v1.2b extra appendix facilities
\c@@pps=\count129
\c@@ppsavesec=\count130
\c@@ppsaveapp=\count131
)
("C:\Program Files\MiKTeX 2.9\tex\latex\titlesec\titlesec.sty"
Package: titlesec 2011/12/15 v2.10.0 Sectioning titles
\ttl@box=\box34
\beforetitleunit=\skip92
\aftertitleunit=\skip93
\ttl@plus=\dimen126
\ttl@minus=\dimen127
\ttl@toksa=\toks35
\titlewidth=\dimen128
\titlewidthlast=\dimen129
\titlewidthfirst=\dimen130
)
("C:\Program Files\MiKTeX 2.9\tex\latex\base\textcomp.sty"
Package: textcomp 2005/09/27 v1.99g Standard LaTeX package
Package textcomp Info: Sub-encoding information:
(textcomp)               5 = only ISO-Adobe without \textcurrency
(textcomp)               4 = 5 + \texteuro
(textcomp)               3 = 4 + \textohm
(textcomp)               2 = 3 + \textestimated + \textcurrency
(textcomp)               1 = TS1 - \textcircled - \t
(textcomp)               0 = TS1 (full)
(textcomp)             Font families with sub-encoding setting implement
(textcomp)             only a restricted character set as indicated.
(textcomp)             Family '?' is the default used for unknown fonts.
(textcomp)             See the documentation for details.
Package textcomp Info: Setting ? sub-encoding to TS1/1 on input line 71.

("C:\Program Files\MiKTeX 2.9\tex\latex\base\ts1enc.def"
File: ts1enc.def 2001/06/05 v3.0e (jk/car/fm) Standard LaTeX file
)
LaTeX Info: Redefining \oldstylenums on input line 266.
Package textcomp Info: Setting cmr sub-encoding to TS1/0 on input line 281.
Package textcomp Info: Setting cmss sub-encoding to TS1/0 on input line 282.
Package textcomp Info: Setting cmtt sub-encoding to TS1/0 on input line 283.
Package textcomp Info: Setting cmvtt sub-encoding to TS1/0 on input line 284.
Package textcomp Info: Setting cmbr sub-encoding to TS1/0 on input line 285.
Package textcomp Info: Setting cmtl sub-encoding to TS1/0 on input line 286.
Package textcomp Info: Setting ccr sub-encoding to TS1/0 on input line 287.
Package textcomp Info: Setting ptm sub-encoding to TS1/4 on input line 288.
Package textcomp Info: Setting pcr sub-encoding to TS1/4 on input line 289.
Package textcomp Info: Setting phv sub-encoding to TS1/4 on input line 290.
Package textcomp Info: Setting ppl sub-encoding to TS1/3 on input line 291.
Package textcomp Info: Setting pag sub-encoding to TS1/4 on input line 292.
Package textcomp Info: Setting pbk sub-encoding to TS1/4 on input line 293.
Package textcomp Info: Setting pnc sub-encoding to TS1/4 on input line 294.
Package textcomp Info: Setting pzc sub-encoding to TS1/4 on input line 295.
Package textcomp Info: Setting bch sub-encoding to TS1/4 on input line 296.
Package textcomp Info: Setting put sub-encoding to TS1/5 on input line 297.
Package textcomp Info: Setting uag sub-encoding to TS1/5 on input line 298.
Package textcomp Info: Setting ugq sub-encoding to TS1/5 on input line 299.
Package textcomp Info: Setting ul8 sub-encoding to TS1/4 on input line 300.
Package textcomp Info: Setting ul9 sub-encoding to TS1/4 on input line 301.
Package textcomp Info: Setting augie sub-encoding to TS1/5 on input line 302.
Package textcomp Info: Setting dayrom sub-encoding to TS1/3 on input line 303.
Package textcomp Info: Setting dayroms sub-encoding to TS1/3 on input line 304.

Package textcomp Info: Setting pxr sub-encoding to TS1/0 on input line 305.
Package textcomp Info: Setting pxss sub-encoding to TS1/0 on input line 306.
Package textcomp Info: Setting pxtt sub-encoding to TS1/0 on input line 307.
Package textcomp Info: Setting txr sub-encoding to TS1/0 on input line 308.
Package textcomp Info: Setting txss sub-encoding to TS1/0 on input line 309.
Package textcomp Info: Setting txtt sub-encoding to TS1/0 on input line 310.
Package textcomp Info: Setting lmr sub-encoding to TS1/0 on input line 311.
Package textcomp Info: Setting lmdh sub-encoding to TS1/0 on input line 312.
Package textcomp Info: Setting lmss sub-encoding to TS1/0 on input line 313.
Package textcomp Info: Setting lmssq sub-encoding to TS1/0 on input line 314.
Package textcomp Info: Setting lmvtt sub-encoding to TS1/0 on input line 315.
Package textcomp Info: Setting qhv sub-encoding to TS1/0 on input line 316.
Package textcomp Info: Setting qag sub-encoding to TS1/0 on input line 317.
Package textcomp Info: Setting qbk sub-encoding to TS1/0 on input line 318.
Package textcomp Info: Setting qcr sub-encoding to TS1/0 on input line 319.
Package textcomp Info: Setting qcs sub-encoding to TS1/0 on input line 320.
Package textcomp Info: Setting qpl sub-encoding to TS1/0 on input line 321.
Package textcomp Info: Setting qtm sub-encoding to TS1/0 on input line 322.
Package textcomp Info: Setting qzc sub-encoding to TS1/0 on input line 323.
Package textcomp Info: Setting qhvc sub-encoding to TS1/0 on input line 324.
Package textcomp Info: Setting futs sub-encoding to TS1/4 on input line 325.
Package textcomp Info: Setting futx sub-encoding to TS1/4 on input line 326.
Package textcomp Info: Setting futj sub-encoding to TS1/4 on input line 327.
Package textcomp Info: Setting hlh sub-encoding to TS1/3 on input line 328.
Package textcomp Info: Setting hls sub-encoding to TS1/3 on input line 329.
Package textcomp Info: Setting hlst sub-encoding to TS1/3 on input line 330.
Package textcomp Info: Setting hlct sub-encoding to TS1/5 on input line 331.
Package textcomp Info: Setting hlx sub-encoding to TS1/5 on input line 332.
Package textcomp Info: Setting hlce sub-encoding to TS1/5 on input line 333.
Package textcomp Info: Setting hlcn sub-encoding to TS1/5 on input line 334.
Package textcomp Info: Setting hlcw sub-encoding to TS1/5 on input line 335.
Package textcomp Info: Setting hlcf sub-encoding to TS1/5 on input line 336.
Package textcomp Info: Setting pplx sub-encoding to TS1/3 on input line 337.
Package textcomp Info: Setting pplj sub-encoding to TS1/3 on input line 338.
Package textcomp Info: Setting ptmx sub-encoding to TS1/4 on input line 339.
Package textcomp Info: Setting ptmj sub-encoding to TS1/4 on input line 340.
)
("C:\Program Files\MiKTeX 2.9\tex\latex\tools\array.sty"
Package: array 2008/09/09 v2.4c Tabular extension package (FMi)
\col@sep=\dimen131
\extrarowheight=\dimen132
\NC@list=\toks36
\extratabsurround=\skip94
\backup@length=\skip95
)
("C:\Program Files\MiKTeX 2.9\tex\latex\blindtext\blindtext.sty"
Package: blindtext 2012/01/06 V2.0 blindtext-Package

("C:\Program Files\MiKTeX 2.9\tex\latex\tools\xspace.sty"
Package: xspace 2009/10/20 v1.13 Space after command names (DPC,MH)
)
\c@blindtext=\count132
\c@Blindtext=\count133
\c@blind@countparstart=\count134
\blind@countxx=\count135
\blindtext@numBlindtext=\count136
\blind@countyy=\count137
\c@blindlist=\count138
\c@blindlistlevel=\count139
\c@blindlist@level=\count140
\blind@listitem=\count141
\c@blind@listcount=\count142
\c@blind@levelcount=\count143
\blind@mathformula=\count144
\blind@Mathformula=\count145
\c@blind@randomcount=\count146
\c@blind@randommax=\count147
\c@blind@pangramcount=\count148
\c@blind@pangrammax=\count149
)
("C:\Program Files\MiKTeX 2.9\tex\latex\oberdiek\pdflscape.sty"
Package: pdflscape 2008/08/11 v0.10 Display of landscape pages in PDF (HO)

("C:\Program Files\MiKTeX 2.9\tex\latex\graphics\lscape.sty"
Package: lscape 2000/10/22 v3.01 Landscape Pages (DPC)
)
Package pdflscape Info: Auto-detected driver: pdftex on input line 80.
)
\c@prop=\count150
\c@lemma=\count151
\c@corollary=\count152
\c@property=\count153

("C:\Program Files\MiKTeX 2.9\tex\latex\titling\titling.sty"
Package: titling 2009/09/04 v2.1d maketitle typesetting
\thanksmarkwidth=\skip96
\thanksmargin=\skip97
\droptitle=\skip98
)
("C:\Program Files\MiKTeX 2.9\tex\latex\graphics\color.sty"
Package: color 2005/11/14 v1.0j Standard LaTeX Color (DPC)

("C:\Program Files\MiKTeX 2.9\tex\latex\00miktex\color.cfg"
File: color.cfg 2007/01/18 v1.5 color configuration of teTeX/TeXLive
)
Package color Info: Driver file: pdftex.def on input line 130.
)
(C:\Users\ml26893\Documents\avdta2\AVDTA2\documentation\AVDTA.aux)
LaTeX Font Info:    Checking defaults for OML/cmm/m/it on input line 64.
LaTeX Font Info:    ... okay on input line 64.
LaTeX Font Info:    Checking defaults for T1/cmr/m/n on input line 64.
LaTeX Font Info:    ... okay on input line 64.
LaTeX Font Info:    Checking defaults for OT1/cmr/m/n on input line 64.
LaTeX Font Info:    ... okay on input line 64.
LaTeX Font Info:    Checking defaults for OMS/cmsy/m/n on input line 64.
LaTeX Font Info:    ... okay on input line 64.
LaTeX Font Info:    Checking defaults for OMX/cmex/m/n on input line 64.
LaTeX Font Info:    ... okay on input line 64.
LaTeX Font Info:    Checking defaults for U/cmr/m/n on input line 64.
LaTeX Font Info:    ... okay on input line 64.
LaTeX Font Info:    Checking defaults for PD1/pdf/m/n on input line 64.
LaTeX Font Info:    ... okay on input line 64.
LaTeX Font Info:    Checking defaults for TS1/cmr/m/n on input line 64.
LaTeX Font Info:    Try loading font information for TS1+cmr on input line 64.

("C:\Program Files\MiKTeX 2.9\tex\latex\base\ts1cmr.fd"
File: ts1cmr.fd 1999/05/25 v2.5h Standard LaTeX font definitions
)
LaTeX Font Info:    ... okay on input line 64.

("C:\Program Files\MiKTeX 2.9\tex\context\base\supp-pdf.mkii"
[Loading MPS to PDF converter (version 2006.09.02).]
\scratchcounter=\count154
\scratchdimen=\dimen133
\scratchbox=\box35
\nofMPsegments=\count155
\nofMParguments=\count156
\everyMPshowfont=\toks37
\MPscratchCnt=\count157
\MPscratchDim=\dimen134
\MPnumerator=\count158
\makeMPintoPDFobject=\count159
\everyMPtoPDFconversion=\toks38
)
Package caption Info: Begin \AtBeginDocument code.
Package caption Info: float package is loaded.
Package caption Info: hyperref package is loaded.
Package caption Info: longtable package is loaded.
 ("C:\Program Files\MiKTeX 2.9\tex\latex\caption\ltcaption.sty"
Package: ltcaption 2013/02/03 v1.3-62 longtable captions (AR)
)
Package caption Info: End \AtBeginDocument code.
\AtBeginShipoutBox=\box36
Package hyperref Info: Link coloring OFF on input line 64.

("C:\Program Files\MiKTeX 2.9\tex\latex\hyperref\nameref.sty"
Package: nameref 2012/10/27 v2.43 Cross-referencing by name of section

("C:\Program Files\MiKTeX 2.9\tex\generic\oberdiek\gettitlestring.sty"
Package: gettitlestring 2010/12/03 v1.4 Cleanup title references (HO)
)
\c@section@level=\count160
)
LaTeX Info: Redefining \ref on input line 64.
LaTeX Info: Redefining \pageref on input line 64.
LaTeX Info: Redefining \nameref on input line 64.

(C:\Users\ml26893\Documents\avdta2\AVDTA2\documentation\AVDTA.out)
(C:\Users\ml26893\Documents\avdta2\AVDTA2\documentation\AVDTA.out)
\@outlinefile=\write3
LaTeX Font Info:    Try loading font information for U+msa on input line 69.

("C:\Program Files\MiKTeX 2.9\tex\latex\amsfonts\umsa.fd"
File: umsa.fd 2013/01/14 v3.01 AMS symbols A
)
LaTeX Font Info:    Try loading font information for U+msb on input line 69.

("C:\Program Files\MiKTeX 2.9\tex\latex\amsfonts\umsb.fd"
File: umsb.fd 2013/01/14 v3.01 AMS symbols B
) [1

{C:/ProgramData/MiKTeX/2.9/pdftex/config/pdftex.map}]
(C:\Users\ml26893\Documents\avdta2\AVDTA2\documentation\copyright.tex) [2]
(C:\Users\ml26893\Documents\avdta2\AVDTA2\documentation\AVDTA.toc
LaTeX Font Info:    Try loading font information for OT1+pcr on input line 13.

("C:\Program Files\MiKTeX 2.9\tex\latex\psnfss\ot1pcr.fd"
File: ot1pcr.fd 2001/06/04 font definitions for OT1/pcr.
) [3]
LaTeX Font Info:    Font shape `OT1/pcr/bx/n' in size <12> not available
(Font)              Font shape `OT1/pcr/b/n' tried instead on input line 68.
 [4] [5])
\tf@toc=\write4

[6] (C:\Users\ml26893\Documents\avdta2\AVDTA2\documentation\DTAintro.tex
Chapter 1.
) (C:\Users\ml26893\Documents\avdta2\AVDTA2\documentation\DTAProject.tex
(C:\Users\ml26893\Documents\avdta2\AVDTA2\documentation\Project.tex [1

]
[2]
Chapter 2.
<images/project1.png, id=602, 130.23656pt x 116.68594pt>
File: images/project1.png Graphic file (type png)

<use images/project1.png>
Package pdftex.def Info: images/project1.png used on input line 13.
(pdftex.def)             Requested size: 130.23624pt x 116.68564pt.

<images/project2.png, id=603, 633.11531pt x 398.99063pt>
File: images/project2.png Graphic file (type png)

<use images/project2.png>
Package pdftex.def Info: images/project2.png used on input line 22.
(pdftex.def)             Requested size: 375.80544pt x 236.83922pt.
 [3

 <C:/Users/ml26893/Documents/avdta2/AVDTA2/documentation/images/project1.png>]
<images/project3.png, id=609, 631.60968pt x 398.23781pt>
File: images/project3.png Graphic file (type png)

<use images/project3.png>
Package pdftex.def Info: images/project3.png used on input line 29.
(pdftex.def)             Requested size: 375.80544pt x 236.9514pt.

<images/project4.png, id=610, 639.13782pt x 402.75468pt>
File: images/project4.png Graphic file (type png)

<use images/project4.png>
Package pdftex.def Info: images/project4.png used on input line 37.
(pdftex.def)             Requested size: 375.80544pt x 236.81813pt.
 [4 <C:/Users/ml26893/Documents/avdta2/AVDTA2/documentation/images/project2.png
> <C:/Users/ml26893/Documents/avdta2/AVDTA2/documentation/images/project3.png>]
 [5 <C:/Users/ml26893/Documents/avdta2/AVDTA2/documentation/images/project4.png
>]
<images/sql1.png, id=620, 642.14906pt x 404.26031pt>
File: images/sql1.png Graphic file (type png)
 <use images/sql1.png>
Package pdftex.def Info: images/sql1.png used on input line 58.
(pdftex.def)             Requested size: 375.80544pt x 236.59311pt.

[6 <C:/Users/ml26893/Documents/avdta2/AVDTA2/documentation/images/sql1.png>])
[7] (C:\Users\ml26893\Documents\avdta2\AVDTA2\documentation\Projectfolders.tex)

Overfull \hbox (10.76973pt too wide) in paragraph at lines 16--17
[] []\OT1/pcr/b/n/12 assignments \OT1/cmr/bx/n/12 folder[] \OT1/cmr/m/n/12 The 
\OT1/pcr/m/n/12 assignments \OT1/cmr/m/n/12 folder stores pre-vi-ous as-sign-me
nts for the project.
 []

) [8] [9

] (C:\Users\ml26893\Documents\avdta2\AVDTA2\documentation\Network.tex
Chapter 3.
LaTeX Font Info:    Font shape `OT1/pcr/bx/n' in size <14.4> not available
(Font)              Font shape `OT1/pcr/b/n' tried instead on input line 27.
[10

] [11] [12] <images/nodes1.png, id=666, 639.89063pt x 405.01312pt>
File: images/nodes1.png Graphic file (type png)

<use images/nodes1.png>
Package pdftex.def Info: images/nodes1.png used on input line 99.
(pdftex.def)             Requested size: 375.80544pt x 237.8618pt.
 <images/nodes2.png, id=667, 639.89063pt x 405.01312pt>
File: images/nodes2.png Graphic file (type png)

<use images/nodes2.png>
Package pdftex.def Info: images/nodes2.png used on input line 104.
(pdftex.def)             Requested size: 375.80544pt x 237.8618pt.
 [13 <C:/Users/ml26893/Documents/avdta2/AVDTA2/documentation/images/nodes1.png>
 <C:/Users/ml26893/Documents/avdta2/AVDTA2/documentation/images/nodes2.png>] <i
mages/nodes3.png, id=673, 639.89063pt x 405.01312pt>
File: images/nodes3.png Graphic file (type png)

<use images/nodes3.png>
Package pdftex.def Info: images/nodes3.png used on input line 109.
(pdftex.def)             Requested size: 375.80544pt x 237.8618pt.
 [14 <C:/Users/ml26893/Documents/avdta2/AVDTA2/documentation/images/nodes3.png>
] [15]
<images/links1.png, id=688, 639.89063pt x 405.01312pt>
File: images/links1.png Graphic file (type png)
 <use images/links1.png>
Package pdftex.def Info: images/links1.png used on input line 177.
(pdftex.def)             Requested size: 375.80544pt x 237.8618pt.

<images/links2.png, id=690, 639.89063pt x 405.01312pt>
File: images/links2.png Graphic file (type png)
 <use images/links2.png>
Package pdftex.def Info: images/links2.png used on input line 182.
(pdftex.def)             Requested size: 375.80544pt x 237.8618pt.

[16 <C:/Users/ml26893/Documents/avdta2/AVDTA2/documentation/images/links1.png>]
<images/network1.png, id=695, 639.89063pt x 405.01312pt>
File: images/network1.png Graphic file (type png)

<use images/network1.png>
Package pdftex.def Info: images/network1.png used on input line 190.
(pdftex.def)             Requested size: 375.80544pt x 237.8618pt.
 [17 <C:/Users/ml26893/Documents/avdta2/AVDTA2/documentation/images/links2.png>
 <C:/Users/ml26893/Documents/avdta2/AVDTA2/documentation/images/network1.png>]
<images/network2.png, id=700, 639.89063pt x 405.01312pt>
File: images/network2.png Graphic file (type png)

<use images/network2.png>
Package pdftex.def Info: images/network2.png used on input line 196.
(pdftex.def)             Requested size: 375.80544pt x 237.8618pt.
 <images/sql2.png, id=702, 639.89063pt x 405.01312pt>
File: images/sql2.png Graphic file (type png)

<use images/sql2.png>
Package pdftex.def Info: images/sql2.png used on input line 202.
(pdftex.def)             Requested size: 375.80544pt x 237.8618pt.
 [18 <C:/Users/ml26893/Documents/avdta2/AVDTA2/documentation/images/network2.pn
g>])
(C:\Users\ml26893\Documents\avdta2\AVDTA2\documentation\Transit.tex [19 <C:/Use
rs/ml26893/Documents/avdta2/AVDTA2/documentation/images/sql2.png>]
Chapter 4.
[20

] [21])
(C:\Users\ml26893\Documents\avdta2\AVDTA2\documentation\DTAdemand.tex [22]
Chapter 5.
[23

] [24] <images/demand1.png, id=737, 635.37375pt x 402.00188pt>
File: images/demand1.png Graphic file (type png)

<use images/demand1.png>
Package pdftex.def Info: images/demand1.png used on input line 91.
(pdftex.def)             Requested size: 375.80544pt x 237.78018pt.
 [25]
<images/demand2.png, id=743, 635.37375pt x 402.00188pt>
File: images/demand2.png Graphic file (type png)

<use images/demand2.png>
Package pdftex.def Info: images/demand2.png used on input line 96.
(pdftex.def)             Requested size: 375.80544pt x 237.78018pt.
 [26 <C:/Users/ml26893/Documents/avdta2/AVDTA2/documentation/images/demand1.png
> <C:/Users/ml26893/Documents/avdta2/AVDTA2/documentation/images/demand2.png>] 
<images/sql3.png, id=749, 641.39626pt x 403.5075pt>
File: images/sql3.png Graphic file (type png)

<use images/sql3.png>
Package pdftex.def Info: images/sql3.png used on input line 101.
(pdftex.def)             Requested size: 375.80544pt x 236.42343pt.
 <images/demand3.png, id=751, 635.37375pt x 402.00188pt>
File: images/demand3.png Graphic file (type png)

<use images/demand3.png>
Package pdftex.def Info: images/demand3.png used on input line 108.
(pdftex.def)             Requested size: 375.80544pt x 237.78018pt.
 [27 <C:/Users/ml26893/Documents/avdta2/AVDTA2/documentation/images/sql3.png> <
C:/Users/ml26893/Documents/avdta2/AVDTA2/documentation/images/demand3.png>] <im
ages/demand3b.png, id=757, 635.37375pt x 402.00188pt>
File: images/demand3b.png Graphic file (type png)

<use images/demand3b.png>
Package pdftex.def Info: images/demand3b.png used on input line 113.
(pdftex.def)             Requested size: 375.80544pt x 237.78018pt.

<images/demand4.png, id=758, 635.37375pt x 402.00188pt>
File: images/demand4.png Graphic file (type png)

<use images/demand4.png>
Package pdftex.def Info: images/demand4.png used on input line 120.
(pdftex.def)             Requested size: 375.80544pt x 237.78018pt.
 [28 <C:/Users/ml26893/Documents/avdta2/AVDTA2/documentation/images/demand3b.pn
g>])
(C:\Users\ml26893\Documents\avdta2\AVDTA2\documentation\MSA.tex [29 <C:/Users/m
l26893/Documents/avdta2/AVDTA2/documentation/images/demand4.png>]
Chapter 6.
<images/msa2.png, id=768, 639.89063pt x 402.75468pt>
File: images/msa2.png Graphic file (type png)
 <use images/msa2.png>
Package pdftex.def Info: images/msa2.png used on input line 9.
(pdftex.def)             Requested size: 375.80544pt x 236.53543pt.

<images/msa3.png, id=769, 639.89063pt x 402.75468pt>
File: images/msa3.png Graphic file (type png)
 <use images/msa3.png>
Package pdftex.def Info: images/msa3.png used on input line 13.
(pdftex.def)             Requested size: 375.80544pt x 236.53543pt.

[30

 <C:/Users/ml26893/Documents/avdta2/AVDTA2/documentation/images/msa2.png>]
<images/msa1.png, id=774, 639.89063pt x 402.75468pt>
File: images/msa1.png Graphic file (type png)
 <use images/msa1.png>
Package pdftex.def Info: images/msa1.png used on input line 19.
(pdftex.def)             Requested size: 375.80544pt x 236.53543pt.
)
(C:\Users\ml26893\Documents\avdta2\AVDTA2\documentation\Editor.tex [31 <C:/User
s/ml26893/Documents/avdta2/AVDTA2/documentation/images/msa3.png> <C:/Users/ml26
893/Documents/avdta2/AVDTA2/documentation/images/msa1.png>]
Chapter 7.
<images/editor1.png, id=781, 974.13937pt x 752.8125pt>
File: images/editor1.png Graphic file (type png)

<use images/editor1.png>
Package pdftex.def Info: images/editor1.png used on input line 6.
(pdftex.def)             Requested size: 469.75502pt x 363.023pt.
 [32

 <C:/Users/ml26893/Documents/avdta2/AVDTA2/documentation/images/editor1.png>]
<images/editor4.png, id=786, 690.32906pt x 706.89093pt>
File: images/editor4.png Graphic file (type png)

<use images/editor4.png>
Package pdftex.def Info: images/editor4.png used on input line 18.
(pdftex.def)             Requested size: 281.85587pt x 288.6191pt.
 [33 <C:/Users/ml26893/Documents/avdta2/AVDTA2/documentation/images/editor4.png
>]
<images/editor3.png, id=792, 137.7647pt x 103.88812pt>
File: images/editor3.png Graphic file (type png)

<use images/editor3.png>
Package pdftex.def Info: images/editor3.png used on input line 29.
(pdftex.def)             Requested size: 137.76434pt x 103.88786pt.

<images/editor2.png, id=793, 109.1578pt x 127.22531pt>
File: images/editor2.png Graphic file (type png)

<use images/editor2.png>
Package pdftex.def Info: images/editor2.png used on input line 41.
(pdftex.def)             Requested size: 109.15753pt x 127.22499pt.
 [34 <C:/Users/ml26893/Documents/avdta2/AVDTA2/documentation/images/editor3.png
> <C:/Users/ml26893/Documents/avdta2/AVDTA2/documentation/images/editor2.png>] 
<images/editor6.png, id=798, 147.55125pt x 192.72pt>
File: images/editor6.png Graphic file (type png)

<use images/editor6.png>
Package pdftex.def Info: images/editor6.png used on input line 57.
(pdftex.def)             Requested size: 147.55087pt x 192.71951pt.

<images/editor6b.png, id=799, 133.24782pt x 163.3603pt>
File: images/editor6b.png Graphic file (type png)

<use images/editor6b.png>
Package pdftex.def Info: images/editor6b.png used on input line 65.
(pdftex.def)             Requested size: 133.24748pt x 163.3599pt.
 [35 <C:/Users/ml26893/Documents/avdta2/AVDTA2/documentation/images/editor6.png
>]
<images/editor6c.png, id=804, 178.41656pt x 147.55125pt>
File: images/editor6c.png Graphic file (type png)

<use images/editor6c.png>
Package pdftex.def Info: images/editor6c.png used on input line 91.
(pdftex.def)             Requested size: 178.4161pt x 147.55087pt.
 [36 <C:/Users/ml26893/Documents/avdta2/AVDTA2/documentation/images/editor6b.pn
g>]
<images/editor6d.png, id=809, 129.48375pt x 164.86594pt>
File: images/editor6d.png Graphic file (type png)

<use images/editor6d.png>
Package pdftex.def Info: images/editor6d.png used on input line 99.
(pdftex.def)             Requested size: 129.48341pt x 164.86551pt.
 [37 <C:/Users/ml26893/Documents/avdta2/AVDTA2/documentation/images/editor6c.pn
g> <C:/Users/ml26893/Documents/avdta2/AVDTA2/documentation/images/editor6d.png>
]
<images/editor7.png, id=815, 147.55125pt x 93.34875pt>
File: images/editor7.png Graphic file (type png)

<use images/editor7.png>
Package pdftex.def Info: images/editor7.png used on input line 124.
(pdftex.def)             Requested size: 147.55087pt x 93.34851pt.

<images/editor7b.png, id=816, 287.57437pt x 156.585pt>
File: images/editor7b.png Graphic file (type png)

<use images/editor7b.png>
Package pdftex.def Info: images/editor7b.png used on input line 130.
(pdftex.def)             Requested size: 287.57367pt x 156.58461pt.

<images/editor7c.png, id=817, 490.08093pt x 174.6525pt>
File: images/editor7c.png Graphic file (type png)

<use images/editor7c.png>
Package pdftex.def Info: images/editor7c.png used on input line 135.
(pdftex.def)             Requested size: 490.07974pt x 174.65207pt.

Overfull \hbox (20.32472pt too wide) in paragraph at lines 135--136
 [] 
 []

[38 <C:/Users/ml26893/Documents/avdta2/AVDTA2/documentation/images/editor7.png>
 <C:/Users/ml26893/Documents/avdta2/AVDTA2/documentation/images/editor7b.png>]
<images/editor8.png, id=822, 158.84344pt x 108.405pt>
File: images/editor8.png Graphic file (type png)
 <use images/editor8.png>
Package pdftex.def Info: images/editor8.png used on input line 144.
(pdftex.def)             Requested size: 158.84305pt x 108.40472pt.

<images/editor8b.png, id=823, 277.78781pt x 350.81062pt>
File: images/editor8b.png Graphic file (type png)

<use images/editor8b.png>
Package pdftex.def Info: images/editor8b.png used on input line 150.
(pdftex.def)             Requested size: 277.78711pt x 350.80975pt.
 [39 <C:/Users/ml26893/Documents/avdta2/AVDTA2/documentation/images/editor7c.pn
g> <C:/Users/ml26893/Documents/avdta2/AVDTA2/documentation/images/editor8.png>]
) [40 <C:/Users/ml26893/Documents/avdta2/AVDTA2/documentation/images/editor8b.p
ng>] [41

]
(C:\Users\ml26893\Documents\avdta2\AVDTA2\documentation\api.tex
Chapter 8.
LaTeX Font Info:    Font shape `OT1/pcr/bx/n' in size <24.88> not available
(Font)              Font shape `OT1/pcr/b/n' tried instead on input line 1.
[42

] (C:\Users\ml26893\Documents\avdta2\AVDTA2\documentation\api_project.tex
[43]
Chapter 9.
LaTeX Font Info:    Font shape `OT1/pcr/m/it' in size <12> not available
(Font)              Font shape `OT1/pcr/m/sl' tried instead on input line 15.
LaTeX Font Info:    Font shape `OT1/pcr/bx/n' in size <17.28> not available
(Font)              Font shape `OT1/pcr/b/n' tried instead on input line 41.
[44

]
Underfull \hbox (badness 10000) in paragraph at lines 49--50
[]\OT1/pcr/m/n/12 project.createProject("Sioux Falls",
 []


Overfull \hbox (1.23227pt too wide) in paragraph at lines 54--56
[]\OT1/cmr/m/n/12 There are sev-eral meth-ods to im-port data. \OT1/pcr/m/n/12 
Project.cloneFromProject(Project)
 []

[45]
Underfull \hbox (badness 10000) in paragraph at lines 80--81
[]\OT1/pcr/m/n/12 DTAProject project =
 []

) (C:\Users\ml26893\Documents\avdta2\AVDTA2\documentation\api_network.tex
[46]
Chapter 10.
[47

]

LaTeX Warning: Reference `api:vehicle' on page 48 undefined on input line 46.

[48] [49]
Overfull \hbox (3.03984pt too wide) in paragraph at lines 114--115
\OT1/cmr/m/n/12 through the \OT1/pcr/m/n/12 Vehicle.getPrevLink() \OT1/cmr/m/n/
12 and \OT1/pcr/m/n/12 Vehicle.getNextLink() \OT1/cmr/m/n/12 meth-ods. These
 []

[50]
Overfull \hbox (0.21184pt too wide) in paragraph at lines 157--158
\OT1/cmr/m/n/12 Some classes (\OT1/pcr/m/n/12 SharedTransitCTMLink \OT1/cmr/m/n
/12 and \OT1/pcr/m/n/12 SplitCTMLink\OT1/cmr/m/n/12 )have a sep-a-rate tran-sit
 lane,
 []


Overfull \hbox (11.90541pt too wide) in paragraph at lines 157--158
\OT1/cmr/m/n/12 mod-eled by the \OT1/pcr/m/n/12 TransitLane \OT1/cmr/m/n/12 cla
ss. These classes also im-ple-ment the \OT1/pcr/m/n/12 AbstractSplitLane
 []

[51] [52] [53]
Underfull \hbox (badness 10000) in paragraph at lines 211--212
[]\OT1/pcr/m/n/12 DTAProject project =
 []

LaTeX Font Info:    Try loading font information for OMS+pcr on input line 214.

("C:\Program Files\MiKTeX 2.9\tex\latex\psnfss\omspcr.fd"
File: omspcr.fd 
)
LaTeX Font Info:    Font shape `OMS/pcr/m/n' in size <12> not available
(Font)              Font shape `OMS/cmsy/m/n' tried instead on input line 214.
)
(C:\Users\ml26893\Documents\avdta2\AVDTA2\documentation\api_vehicle.tex
[54]
Chapter 11.
[55

]) (C:\Users\ml26893\Documents\avdta2\AVDTA2\documentation\api_dta.tex
[56]
Chapter 12.

Underfull \hbox (badness 10000) in paragraph at lines 9--10
[]\OT1/pcr/m/n/12 DTAProject project =
 []

) [57

] (C:\Users\ml26893\Documents\avdta2\AVDTA2\documentation\api_gui.tex
[58]
Chapter 13.
[59

] [60]
Overfull \hbox (3.91783pt too wide) in paragraph at lines 81--82
\OT1/cmr/m/n/12 will be called. Lis-ten-ers may be added to the \OT1/pcr/m/n/12
 Editor \OT1/cmr/m/n/12 through the \OT1/pcr/m/n/12 addSelectListener($\OMS/cms
y/m/n/12 $\OT1/pcr/m/n/12 )
 []

[61]
Underfull \hbox (badness 10000) in paragraph at lines 107--109

 []

[62] [63]
Overfull \hbox (3.09366pt too wide) in paragraph at lines 160--161
[] []\OT1/pcr/b/n/12 StatusUpdate[] \OT1/cmr/m/n/12 Any im-ple-ment-ing class c
an send up-dates to a cor-re-spond-ing \OT1/pcr/m/n/12 StatusBar\OT1/cmr/m/n/12
 .
 []

) (C:\Users\ml26893\Documents\avdta2\AVDTA2\documentation\tutorials.tex
[64]
Chapter 14.

Underfull \hbox (badness 10000) in paragraph at lines 8--9
[]\OT1/pcr/m/n/12 DTAProject project = new DTAProject(
 []


Overfull \hbox (3.81953pt too wide) in paragraph at lines 24--25
[]\OT1/pcr/m/n/12 project.createProject("transit", new File("projects/transit")
); 
 []


Underfull \hbox (badness 10000) in paragraph at lines 25--26
[]\OT1/pcr/m/n/12 DTASimulator sim = project.createEmptySimulator();
 []


Underfull \hbox (badness 10000) in paragraph at lines 25--26

 []


Underfull \hbox (badness 10000) in paragraph at lines 28--29
[]\OT1/pcr/m/n/12 Set<Link> links = new HashSet<Link>();
 []


Underfull \hbox (badness 10000) in paragraph at lines 28--29

 []


Underfull \hbox (badness 10000) in paragraph at lines 35--36
[]\OT1/pcr/m/n/12 Zone n1a = new Zone(10);
 []


Underfull \hbox (badness 10000) in paragraph at lines 35--36

 []

[65

]
Underfull \hbox (badness 10000) in paragraph at lines 41--42
[]\OT1/pcr/m/n/12 nodes.add(n1a);
 []


Underfull \hbox (badness 10000) in paragraph at lines 41--42

 []


Underfull \hbox (badness 10000) in paragraph at lines 45--46
[]\OT1/pcr/m/n/12 TransitLane t23 = new TransitLane(230, n2, n3, 1200, 30, 15,
 []


Overfull \hbox (11.01953pt too wide) in paragraph at lines 46--47
[]\OT1/pcr/m/n/12 CTMLink l23 = new SharedTransitCTMLink(23, n2, n3, 1200, 30, 
15,
 []


Underfull \hbox (badness 10000) in paragraph at lines 47--48
[]\OT1/pcr/m/n/12 Link l34 = new CentroidConnector(34, n3, n4);
 []


Underfull \hbox (badness 10000) in paragraph at lines 47--48

 []


Underfull \hbox (badness 10000) in paragraph at lines 53--54
[]\OT1/pcr/m/n/12 links.add(l12a);
 []


Underfull \hbox (badness 10000) in paragraph at lines 53--54

 []

)) [66] [67


]
(C:\Users\ml26893\Documents\avdta2\AVDTA2\documentation\glossary.tex
Appendix A.
) (C:\Users\ml26893\Documents\avdta2\AVDTA2\documentation\AVDTA.bbl [68

]
[69

])
Package atveryend Info: Empty hook `BeforeClearDocument' on input line 129.
 [70]
Package atveryend Info: Empty hook `AfterLastShipout' on input line 129.
 (C:\Users\ml26893\Documents\avdta2\AVDTA2\documentation\AVDTA.aux)
Package atveryend Info: Executing hook `AtVeryEndDocument' on input line 129.
Package atveryend Info: Executing hook `AtEndAfterFileList' on input line 129.
Package rerunfilecheck Info: File `AVDTA.out' has not changed.
(rerunfilecheck)             Checksum: 5DAC6C8307DA9EC2E0BA9B6657472867;7312.


LaTeX Warning: There were undefined references.

Package atveryend Info: Empty hook `AtVeryVeryEnd' on input line 129.
 ) 
Here is how much of TeX's memory you used:
 10151 strings out of 493921
 152840 string characters out of 3147276
 230097 words of memory out of 3000000
 12977 multiletter control sequences out of 15000+200000
 17186 words of font info for 65 fonts, out of 3000000 for 9000
 841 hyphenation exceptions out of 8191
 36i,7n,40p,1427b,442s stack positions out of 5000i,500n,10000p,200000b,50000s
{C:/Program Files/MiKTeX 2.9/fonts/enc/dvips/fontname/8r.enc}{C:/Program File
s/MiKTeX 2.9/fonts/enc/dvips/cm-super/cm-super-ts1.enc}<C:/Program Files/MiKTeX
 2.9/fonts/type1/public/amsfonts/cm/cmbx12.pfb><C:/Program Files/MiKTeX 2.9/fon
ts/type1/public/amsfonts/cm/cmcsc10.pfb><C:/Program Files/MiKTeX 2.9/fonts/type
1/public/amsfonts/cm/cmmi12.pfb><C:/Program Files/MiKTeX 2.9/fonts/type1/public
/amsfonts/cm/cmmi8.pfb><C:/Program Files/MiKTeX 2.9/fonts/type1/public/amsfonts
/cm/cmr10.pfb><C:/Program Files/MiKTeX 2.9/fonts/type1/public/amsfonts/cm/cmr12
.pfb><C:/Program Files/MiKTeX 2.9/fonts/type1/public/amsfonts/cm/cmr17.pfb><C:/
Program Files/MiKTeX 2.9/fonts/type1/public/amsfonts/cm/cmr8.pfb><C:/Program Fi
les/MiKTeX 2.9/fonts/type1/public/amsfonts/cm/cmsy10.pfb><C:/Program Files/MiKT
eX 2.9/fonts/type1/public/amsfonts/cm/cmti12.pfb><C:/Program Files/MiKTeX 2.9/f
onts/type1/public/cm-super/sfrm1200.pfb><C:/Program Files/MiKTeX 2.9/fonts/type
1/urw/courier/ucrb8a.pfb><C:/Program Files/MiKTeX 2.9/fonts/type1/urw/courier/u
crr8a.pfb><C:/Program Files/MiKTeX 2.9/fonts/type1/urw/courier/ucrro8a.pfb>
Output written on AVDTA.pdf (76 pages, 2793498 bytes).
PDF statistics:
 1104 PDF objects out of 1200 (max. 8388607)
 208 named destinations out of 1000 (max. 500000)
 1048 words of extra memory for PDF output out of 10000 (max. 10000000)

