\BOOKMARK [0][-]{chapter.1}{Introduction}{}% 1
\BOOKMARK [1][-]{section.1.1}{Distribution}{chapter.1}% 2
\BOOKMARK [1][-]{section.1.2}{Support}{chapter.1}% 3
\BOOKMARK [0][-]{chapter.2}{Project structure}{}% 4
\BOOKMARK [1][-]{section.2.1}{Introduction}{chapter.2}% 5
\BOOKMARK [1][-]{section.2.2}{GUI}{chapter.2}% 6
\BOOKMARK [2][-]{subsection.2.2.1}{New project}{section.2.2}% 7
\BOOKMARK [2][-]{subsection.2.2.2}{Open project}{section.2.2}% 8
\BOOKMARK [2][-]{subsection.2.2.3}{Clone opened project}{section.2.2}% 9
\BOOKMARK [1][-]{section.2.3}{Files and folders}{chapter.2}% 10
\BOOKMARK [2][-]{subsection.2.3.1}{Working with SQL}{section.2.3}% 11
\BOOKMARK [2][-]{subsection.2.3.2}{Files}{section.2.3}% 12
\BOOKMARK [2][-]{subsection.2.3.3}{Folders}{section.2.3}% 13
\BOOKMARK [0][-]{chapter.3}{Traffic network}{}% 14
\BOOKMARK [1][-]{section.3.1}{Introduction}{chapter.3}% 15
\BOOKMARK [1][-]{section.3.2}{Nodes}{chapter.3}% 16
\BOOKMARK [2][-]{subsection.3.2.1}{nodes.txt}{section.3.2}% 17
\BOOKMARK [2][-]{subsection.3.2.2}{phases.txt}{section.3.2}% 18
\BOOKMARK [2][-]{subsection.3.2.3}{signals.txt}{section.3.2}% 19
\BOOKMARK [2][-]{subsection.3.2.4}{GUI panel}{section.3.2}% 20
\BOOKMARK [1][-]{section.3.3}{Links}{chapter.3}% 21
\BOOKMARK [2][-]{subsection.3.3.1}{links.txt}{section.3.3}% 22
\BOOKMARK [2][-]{subsection.3.3.2}{GUI}{section.3.3}% 23
\BOOKMARK [1][-]{section.3.4}{Import network}{chapter.3}% 24
\BOOKMARK [0][-]{chapter.4}{Transit}{}% 25
\BOOKMARK [1][-]{section.4.1}{Introduction}{chapter.4}% 26
\BOOKMARK [1][-]{section.4.2}{Files}{chapter.4}% 27
\BOOKMARK [2][-]{subsection.4.2.1}{bus.txt}{section.4.2}% 28
\BOOKMARK [2][-]{subsection.4.2.2}{bus\137route\137link.txt}{section.4.2}% 29
\BOOKMARK [2][-]{subsection.4.2.3}{bus\137frequency.txt}{section.4.2}% 30
\BOOKMARK [2][-]{subsection.4.2.4}{bus\137period.txt}{section.4.2}% 31
\BOOKMARK [1][-]{section.4.3}{GUI}{chapter.4}% 32
\BOOKMARK [0][-]{chapter.5}{Demand}{}% 33
\BOOKMARK [1][-]{section.5.1}{Introduction}{chapter.5}% 34
\BOOKMARK [1][-]{section.5.2}{Files}{chapter.5}% 35
\BOOKMARK [2][-]{subsection.5.2.1}{static\137od.txt}{section.5.2}% 36
\BOOKMARK [2][-]{subsection.5.2.2}{dynamic\137od.txt}{section.5.2}% 37
\BOOKMARK [2][-]{subsection.5.2.3}{demand\137profile.txt}{section.5.2}% 38
\BOOKMARK [2][-]{subsection.5.2.4}{demand.txt}{section.5.2}% 39
\BOOKMARK [1][-]{section.5.3}{GUI}{chapter.5}% 40
\BOOKMARK [2][-]{subsection.5.3.1}{Import demand}{section.5.3}% 41
\BOOKMARK [2][-]{subsection.5.3.2}{Creating demand}{section.5.3}% 42
\BOOKMARK [0][-]{chapter.6}{Dynamic traffic assignment}{}% 43
\BOOKMARK [0][-]{Appendix.1.A}{Abbreviations}{}% 44
\BOOKMARK [0][-]{table.1.A.1}{References}{}% 45
