This is pdfTeX, Version 3.1415926-2.4-1.40.13 (MiKTeX 2.9) (preloaded format=pdflatex 2016.1.20)  4 MAY 2017 11:03
entering extended mode
**tutorials.tex
(C:\Users\ml26893\Documents\avdta2\AVDTA2\documentation\tutorials.tex
LaTeX2e <2011/06/27>
Babel <v3.8m> and hyphenation patterns for english, afrikaans, ancientgreek, ar
abic, armenian, assamese, basque, bengali, bokmal, bulgarian, catalan, coptic, 
croatian, czech, danish, dutch, esperanto, estonian, farsi, finnish, french, ga
lician, german, german-x-2012-05-30, greek, gujarati, hindi, hungarian, iceland
ic, indonesian, interlingua, irish, italian, kannada, kurmanji, latin, latvian,
 lithuanian, malayalam, marathi, mongolian, mongolianlmc, monogreek, ngerman, n
german-x-2012-05-30, nynorsk, oriya, panjabi, pinyin, polish, portuguese, roman
ian, russian, sanskrit, serbian, slovak, slovenian, spanish, swedish, swissgerm
an, tamil, telugu, turkish, turkmen, ukenglish, ukrainian, uppersorbian, usengl
ishmax, welsh, loaded.
! Undefined control sequence.
l.1 \chapter
            {Examples}
The control sequence at the end of the top line
of your error message was never \def'ed. If you have
misspelled it (e.g., `\hobx'), type `I' and the correct
spelling (e.g., `I\hbox'). Otherwise just continue,
and I'll forget about whatever was undefined.


! LaTeX Error: Missing \begin{document}.

See the LaTeX manual or LaTeX Companion for explanation.
Type  H <return>  for immediate help.
 ...                                              
                                                  
l.1 \chapter{E
              xamples}
You're in trouble here.  Try typing  <return>  to proceed.
If that doesn't work, type  X <return>  to quit.

Missing character: There is no E in font nullfont!
Missing character: There is no x in font nullfont!
Missing character: There is no a in font nullfont!
Missing character: There is no m in font nullfont!
Missing character: There is no p in font nullfont!
Missing character: There is no l in font nullfont!
Missing character: There is no e in font nullfont!
Missing character: There is no s in font nullfont!

Overfull \hbox (20.0pt too wide) in paragraph at lines 1--3
[]
 []


! LaTeX Error: Missing \begin{document}.

See the LaTeX manual or LaTeX Companion for explanation.
Type  H <return>  for immediate help.
 ...                                              
                                                  
l.4 T
     his chapter provides some code examples for commonly used functions.
You're in trouble here.  Try typing  <return>  to proceed.
If that doesn't work, type  X <return>  to quit.

Missing character: There is no T in font nullfont!
Missing character: There is no h in font nullfont!
Missing character: There is no i in font nullfont!
Missing character: There is no s in font nullfont!
Missing character: There is no c in font nullfont!
Missing character: There is no h in font nullfont!
Missing character: There is no a in font nullfont!
Missing character: There is no p in font nullfont!
Missing character: There is no t in font nullfont!
Missing character: There is no e in font nullfont!
Missing character: There is no r in font nullfont!
Missing character: There is no p in font nullfont!
Missing character: There is no r in font nullfont!
Missing character: There is no o in font nullfont!
Missing character: There is no v in font nullfont!
Missing character: There is no i in font nullfont!
Missing character: There is no d in font nullfont!
Missing character: There is no e in font nullfont!
Missing character: There is no s in font nullfont!
Missing character: There is no s in font nullfont!
Missing character: There is no o in font nullfont!
Missing character: There is no m in font nullfont!
Missing character: There is no e in font nullfont!
Missing character: There is no c in font nullfont!
Missing character: There is no o in font nullfont!
Missing character: There is no d in font nullfont!
Missing character: There is no e in font nullfont!
Missing character: There is no e in font nullfont!
Missing character: There is no x in font nullfont!
Missing character: There is no a in font nullfont!
Missing character: There is no m in font nullfont!
Missing character: There is no p in font nullfont!
Missing character: There is no l in font nullfont!
Missing character: There is no e in font nullfont!
Missing character: There is no s in font nullfont!
Missing character: There is no f in font nullfont!
Missing character: There is no o in font nullfont!
Missing character: There is no r in font nullfont!
Missing character: There is no c in font nullfont!
Missing character: There is no o in font nullfont!
Missing character: There is no m in font nullfont!
Missing character: There is no m in font nullfont!
Missing character: There is no o in font nullfont!
Missing character: There is no n in font nullfont!
Missing character: There is no l in font nullfont!
Missing character: There is no y in font nullfont!
Missing character: There is no u in font nullfont!
Missing character: There is no s in font nullfont!
Missing character: There is no e in font nullfont!
Missing character: There is no d in font nullfont!
Missing character: There is no f in font nullfont!
Missing character: There is no u in font nullfont!
Missing character: There is no n in font nullfont!
Missing character: There is no c in font nullfont!
Missing character: There is no t in font nullfont!
Missing character: There is no i in font nullfont!
Missing character: There is no o in font nullfont!
Missing character: There is no n in font nullfont!
Missing character: There is no s in font nullfont!
Missing character: There is no . in font nullfont!

Overfull \hbox (20.0pt too wide) in paragraph at lines 4--5
[]
 []

! Undefined control sequence.
l.6 \paragraph
              *{Running DTA}
The control sequence at the end of the top line
of your error message was never \def'ed. If you have
misspelled it (e.g., `\hobx'), type `I' and the correct
spelling (e.g., `I\hbox'). Otherwise just continue,
and I'll forget about whatever was undefined.


! LaTeX Error: Missing \begin{document}.

See the LaTeX manual or LaTeX Companion for explanation.
Type  H <return>  for immediate help.
 ...                                              
                                                  
l.6 \paragraph*
               {Running DTA}
You're in trouble here.  Try typing  <return>  to proceed.
If that doesn't work, type  X <return>  to quit.

Missing character: There is no * in font nullfont!
Missing character: There is no R in font nullfont!
Missing character: There is no u in font nullfont!
Missing character: There is no n in font nullfont!
Missing character: There is no n in font nullfont!
Missing character: There is no i in font nullfont!
Missing character: There is no n in font nullfont!
Missing character: There is no g in font nullfont!
Missing character: There is no D in font nullfont!
Missing character: There is no T in font nullfont!
Missing character: There is no A in font nullfont!

! LaTeX Error: Environment algorithmic undefined.

See the LaTeX manual or LaTeX Companion for explanation.
Type  H <return>  for immediate help.
 ...                                              
                                                  
l.7 \begin{algorithmic}
                       [1]
Your command was ignored.
Type  I <command> <return>  to replace it with another command,
or  <return>  to continue without it.

Missing character: There is no [ in font nullfont!
Missing character: There is no 1 in font nullfont!
Missing character: There is no ] in font nullfont!
! Undefined control sequence.
l.8 \State
          {\texttt{DTAProject project = new DTAProject(\linebreak new File("...
The control sequence at the end of the top line
of your error message was never \def'ed. If you have
misspelled it (e.g., `\hobx'), type `I' and the correct
spelling (e.g., `I\hbox'). Otherwise just continue,
and I'll forget about whatever was undefined.

! Undefined control sequence.
l.9 \State
          {\texttt{DTASimulator simulator = project.getSimulator();}}
The control sequence at the end of the top line
of your error message was never \def'ed. If you have
misspelled it (e.g., `\hobx'), type `I' and the correct
spelling (e.g., `I\hbox'). Otherwise just continue,
and I'll forget about whatever was undefined.

! Undefined control sequence.
l.10 \State
           {\texttt{simulator.msa(30);}}
The control sequence at the end of the top line
of your error message was never \def'ed. If you have
misspelled it (e.g., `\hobx'), type `I' and the correct
spelling (e.g., `I\hbox'). Otherwise just continue,
and I'll forget about whatever was undefined.


! LaTeX Error: \begin{document} ended by \end{algorithmic}.

See the LaTeX manual or LaTeX Companion for explanation.
Type  H <return>  for immediate help.
 ...                                              
                                                  
l.11 \end{algorithmic}
                      
Your command was ignored.
Type  I <command> <return>  to replace it with another command,
or  <return>  to continue without it.


Overfull \hbox (20.0pt too wide) in paragraph at lines 6--12
[]
 []


Overfull \hbox (52.49954pt too wide) in paragraph at lines 6--12
\OT1/cmtt/m/n/10 DTAProject
 []


Overfull \hbox (36.74968pt too wide) in paragraph at lines 6--12
\OT1/cmtt/m/n/10 project
 []


Overfull \hbox (5.24995pt too wide) in paragraph at lines 6--12
\OT1/cmtt/m/n/10 =
 []


Overfull \hbox (15.74986pt too wide) in paragraph at lines 6--12
\OT1/cmtt/m/n/10 new
 []


Overfull \hbox (57.7495pt too wide) in paragraph at lines 6--12
\OT1/cmtt/m/n/10 DTAProject(
 []


Overfull \hbox (15.74986pt too wide) in paragraph at lines 6--12
\OT1/cmtt/m/n/10 new
 []


Overfull \hbox (157.49863pt too wide) in paragraph at lines 6--12
\OT1/cmtt/m/n/10 File("projects/coacongress"));
 []


Overfull \hbox (62.99945pt too wide) in paragraph at lines 6--12
\OT1/cmtt/m/n/10 DTASimulator
 []


Overfull \hbox (47.24959pt too wide) in paragraph at lines 6--12
\OT1/cmtt/m/n/10 simulator
 []


Overfull \hbox (5.24995pt too wide) in paragraph at lines 6--12
\OT1/cmtt/m/n/10 =
 []


Overfull \hbox (120.74895pt too wide) in paragraph at lines 6--12
\OT1/cmtt/m/n/10 project.getSimulator();
 []


Overfull \hbox (94.49918pt too wide) in paragraph at lines 6--12
\OT1/cmtt/m/n/10 simulator.msa(30);
 []

! Undefined control sequence.
l.13 \paragraph
               *{Iterating through network structure}
The control sequence at the end of the top line
of your error message was never \def'ed. If you have
misspelled it (e.g., `\hobx'), type `I' and the correct
spelling (e.g., `I\hbox'). Otherwise just continue,
and I'll forget about whatever was undefined.


! LaTeX Error: Missing \begin{document}.

See the LaTeX manual or LaTeX Companion for explanation.
Type  H <return>  for immediate help.
 ...                                              
                                                  
l.13 \paragraph*
                {Iterating through network structure}
You're in trouble here.  Try typing  <return>  to proceed.
If that doesn't work, type  X <return>  to quit.

Missing character: There is no * in font nullfont!
Missing character: There is no I in font nullfont!
Missing character: There is no t in font nullfont!
Missing character: There is no e in font nullfont!
Missing character: There is no r in font nullfont!
Missing character: There is no a in font nullfont!
Missing character: There is no t in font nullfont!
Missing character: There is no i in font nullfont!
Missing character: There is no n in font nullfont!
Missing character: There is no g in font nullfont!
Missing character: There is no t in font nullfont!
Missing character: There is no h in font nullfont!
Missing character: There is no r in font nullfont!
Missing character: There is no o in font nullfont!
Missing character: There is no u in font nullfont!
Missing character: There is no g in font nullfont!
Missing character: There is no h in font nullfont!
Missing character: There is no n in font nullfont!
Missing character: There is no e in font nullfont!
Missing character: There is no t in font nullfont!
Missing character: There is no w in font nullfont!
Missing character: There is no o in font nullfont!
Missing character: There is no r in font nullfont!
Missing character: There is no k in font nullfont!
Missing character: There is no s in font nullfont!
Missing character: There is no t in font nullfont!
Missing character: There is no r in font nullfont!
Missing character: There is no u in font nullfont!
Missing character: There is no c in font nullfont!
Missing character: There is no t in font nullfont!
Missing character: There is no u in font nullfont!
Missing character: There is no r in font nullfont!
Missing character: There is no e in font nullfont!

! LaTeX Error: Environment algorithmic undefined.

See the LaTeX manual or LaTeX Companion for explanation.
Type  H <return>  for immediate help.
 ...                                              
                                                  
l.14 \begin{algorithmic}
                        [1]
Your command was ignored.
Type  I <command> <return>  to replace it with another command,
or  <return>  to continue without it.

Missing character: There is no [ in font nullfont!
Missing character: There is no 1 in font nullfont!
Missing character: There is no ] in font nullfont!
! Undefined control sequence.
l.15 \State
           \texttt{for(Link link : simulator.getLinks())\{\}}
The control sequence at the end of the top line
of your error message was never \def'ed. If you have
misspelled it (e.g., `\hobx'), type `I' and the correct
spelling (e.g., `I\hbox'). Otherwise just continue,
and I'll forget about whatever was undefined.

LaTeX Font Info:    Try loading font information for OMS+cmtt on input line 15.

LaTeX Font Info:    No file OMScmtt.fd. on input line 15.

LaTeX Font Warning: Font shape `OMS/cmtt/m/n' undefined
(Font)              using `OMS/cmsy/m/n' instead
(Font)              for symbol `textbraceleft' on input line 15.

! Undefined control sequence.
l.16 \State
           \texttt{for(Node node : simulator.getNodes())\{\}}
The control sequence at the end of the top line
of your error message was never \def'ed. If you have
misspelled it (e.g., `\hobx'), type `I' and the correct
spelling (e.g., `I\hbox'). Otherwise just continue,
and I'll forget about whatever was undefined.

! Undefined control sequence.
l.17 \State
           \texttt{for(Vehicle veh : simulator.getVehicles())\{\}}
The control sequence at the end of the top line
of your error message was never \def'ed. If you have
misspelled it (e.g., `\hobx'), type `I' and the correct
spelling (e.g., `I\hbox'). Otherwise just continue,
and I'll forget about whatever was undefined.


! LaTeX Error: \begin{document} ended by \end{algorithmic}.

See the LaTeX manual or LaTeX Companion for explanation.
Type  H <return>  for immediate help.
 ...                                              
                                                  
l.18 \end{algorithmic}
                      
Your command was ignored.
Type  I <command> <return>  to replace it with another command,
or  <return>  to continue without it.


Overfull \hbox (20.0pt too wide) in paragraph at lines 13--19
[]
 []


Overfull \hbox (41.99963pt too wide) in paragraph at lines 13--19
\OT1/cmtt/m/n/10 for(Link
 []


Overfull \hbox (20.99982pt too wide) in paragraph at lines 13--19
\OT1/cmtt/m/n/10 link
 []


Overfull \hbox (5.24995pt too wide) in paragraph at lines 13--19
\OT1/cmtt/m/n/10 :
 []


Overfull \hbox (120.24907pt too wide) in paragraph at lines 13--19
\OT1/cmtt/m/n/10 simulator.getLinks())\OMS/cmtt/m/n/10 fg
 []


Overfull \hbox (41.99963pt too wide) in paragraph at lines 13--19
\OT1/cmtt/m/n/10 for(Node
 []


Overfull \hbox (20.99982pt too wide) in paragraph at lines 13--19
\OT1/cmtt/m/n/10 node
 []


Overfull \hbox (5.24995pt too wide) in paragraph at lines 13--19
\OT1/cmtt/m/n/10 :
 []


Overfull \hbox (120.24907pt too wide) in paragraph at lines 13--19
\OT1/cmtt/m/n/10 simulator.getNodes())\OMS/cmtt/m/n/10 fg
 []


Overfull \hbox (57.7495pt too wide) in paragraph at lines 13--19
\OT1/cmtt/m/n/10 for(Vehicle
 []


Overfull \hbox (15.74986pt too wide) in paragraph at lines 13--19
\OT1/cmtt/m/n/10 veh
 []


Overfull \hbox (5.24995pt too wide) in paragraph at lines 13--19
\OT1/cmtt/m/n/10 :
 []


Overfull \hbox (135.99893pt too wide) in paragraph at lines 13--19
\OT1/cmtt/m/n/10 simulator.getVehicles())\OMS/cmtt/m/n/10 fg
 []

! Undefined control sequence.
l.21 \paragraph
               *{Creating a network through code}
The control sequence at the end of the top line
of your error message was never \def'ed. If you have
misspelled it (e.g., `\hobx'), type `I' and the correct
spelling (e.g., `I\hbox'). Otherwise just continue,
and I'll forget about whatever was undefined.


! LaTeX Error: Missing \begin{document}.

See the LaTeX manual or LaTeX Companion for explanation.
Type  H <return>  for immediate help.
 ...                                              
                                                  
l.21 \paragraph*
                {Creating a network through code}
You're in trouble here.  Try typing  <return>  to proceed.
If that doesn't work, type  X <return>  to quit.

Missing character: There is no * in font nullfont!
Missing character: There is no C in font nullfont!
Missing character: There is no r in font nullfont!
Missing character: There is no e in font nullfont!
Missing character: There is no a in font nullfont!
Missing character: There is no t in font nullfont!
Missing character: There is no i in font nullfont!
Missing character: There is no n in font nullfont!
Missing character: There is no g in font nullfont!
Missing character: There is no a in font nullfont!
Missing character: There is no n in font nullfont!
Missing character: There is no e in font nullfont!
Missing character: There is no t in font nullfont!
Missing character: There is no w in font nullfont!
Missing character: There is no o in font nullfont!
Missing character: There is no r in font nullfont!
Missing character: There is no k in font nullfont!
Missing character: There is no t in font nullfont!
Missing character: There is no h in font nullfont!
Missing character: There is no r in font nullfont!
Missing character: There is no o in font nullfont!
Missing character: There is no u in font nullfont!
Missing character: There is no g in font nullfont!
Missing character: There is no h in font nullfont!
Missing character: There is no c in font nullfont!
Missing character: There is no o in font nullfont!
Missing character: There is no d in font nullfont!
Missing character: There is no e in font nullfont!

! LaTeX Error: Environment algorithmic undefined.

See the LaTeX manual or LaTeX Companion for explanation.
Type  H <return>  for immediate help.
 ...                                              
                                                  
l.22 \begin{algorithmic}
                        [1]
Your command was ignored.
Type  I <command> <return>  to replace it with another command,
or  <return>  to continue without it.

Missing character: There is no [ in font nullfont!
Missing character: There is no 1 in font nullfont!
Missing character: There is no ] in font nullfont!
! Undefined control sequence.
l.23 \State
           \texttt{DTAProject project = new DTAProject();}
The control sequence at the end of the top line
of your error message was never \def'ed. If you have
misspelled it (e.g., `\hobx'), type `I' and the correct
spelling (e.g., `I\hbox'). Otherwise just continue,
and I'll forget about whatever was undefined.

! Undefined control sequence.
l.24 \State
           \texttt{project.createProject("transit", new File("projects/trans...
The control sequence at the end of the top line
of your error message was never \def'ed. If you have
misspelled it (e.g., `\hobx'), type `I' and the correct
spelling (e.g., `I\hbox'). Otherwise just continue,
and I'll forget about whatever was undefined.

! Undefined control sequence.
l.25 \State
           \texttt{DTASimulator sim = project.createEmptySimulator();\linebr...
The control sequence at the end of the top line
of your error message was never \def'ed. If you have
misspelled it (e.g., `\hobx'), type `I' and the correct
spelling (e.g., `I\hbox'). Otherwise just continue,
and I'll forget about whatever was undefined.


Overfull \hbox (20.0pt too wide) in paragraph at lines 21--26
[]
 []


Overfull \hbox (52.49954pt too wide) in paragraph at lines 21--26
\OT1/cmtt/m/n/10 DTAProject
 []


Overfull \hbox (36.74968pt too wide) in paragraph at lines 21--26
\OT1/cmtt/m/n/10 project
 []


Overfull \hbox (5.24995pt too wide) in paragraph at lines 21--26
\OT1/cmtt/m/n/10 =
 []


Overfull \hbox (15.74986pt too wide) in paragraph at lines 21--26
\OT1/cmtt/m/n/10 new
 []


Overfull \hbox (68.2494pt too wide) in paragraph at lines 21--26
\OT1/cmtt/m/n/10 DTAProject();
 []


Overfull \hbox (167.99854pt too wide) in paragraph at lines 21--26
\OT1/cmtt/m/n/10 project.createProject("transit",
 []


Overfull \hbox (15.74986pt too wide) in paragraph at lines 21--26
\OT1/cmtt/m/n/10 new
 []


Overfull \hbox (136.49881pt too wide) in paragraph at lines 21--26
\OT1/cmtt/m/n/10 File("projects/transit"));
 []


Overfull \hbox (62.99945pt too wide) in paragraph at lines 21--26
\OT1/cmtt/m/n/10 DTASimulator
 []


Overfull \hbox (15.74986pt too wide) in paragraph at lines 21--26
\OT1/cmtt/m/n/10 sim
 []


Overfull \hbox (5.24995pt too wide) in paragraph at lines 21--26
\OT1/cmtt/m/n/10 =
 []


Overfull \hbox (162.74858pt too wide) in paragraph at lines 21--26
\OT1/cmtt/m/n/10 project.createEmptySimulator();
 []

! Undefined control sequence.
l.27 \State
           \texttt{Set<Node> nodes = new HashSet<Node>();}
The control sequence at the end of the top line
of your error message was never \def'ed. If you have
misspelled it (e.g., `\hobx'), type `I' and the correct
spelling (e.g., `I\hbox'). Otherwise just continue,
and I'll forget about whatever was undefined.


! LaTeX Error: Missing \begin{document}.

See the LaTeX manual or LaTeX Companion for explanation.
Type  H <return>  for immediate help.
 ...                                              
                                                  
l.27 ...tt{Set<Node> nodes = new HashSet<Node>();}
                                                  
You're in trouble here.  Try typing  <return>  to proceed.
If that doesn't work, type  X <return>  to quit.

! Undefined control sequence.
l.28 \State
           \texttt{Set<Link> links = new HashSet<Link>();\linebreak }
The control sequence at the end of the top line
of your error message was never \def'ed. If you have
misspelled it (e.g., `\hobx'), type `I' and the correct
spelling (e.g., `I\hbox'). Otherwise just continue,
and I'll forget about whatever was undefined.


Overfull \hbox (67.24959pt too wide) in paragraph at lines 27--29
[]\OT1/cmtt/m/n/10 Set<Node>
 []


Overfull \hbox (26.24977pt too wide) in paragraph at lines 27--29
\OT1/cmtt/m/n/10 nodes
 []


Overfull \hbox (5.24995pt too wide) in paragraph at lines 27--29
\OT1/cmtt/m/n/10 =
 []


Overfull \hbox (15.74986pt too wide) in paragraph at lines 27--29
\OT1/cmtt/m/n/10 new
 []


Overfull \hbox (83.99927pt too wide) in paragraph at lines 27--29
\OT1/cmtt/m/n/10 HashSet<Node>();
 []


Overfull \hbox (47.24959pt too wide) in paragraph at lines 27--29
\OT1/cmtt/m/n/10 Set<Link>
 []


Overfull \hbox (26.24977pt too wide) in paragraph at lines 27--29
\OT1/cmtt/m/n/10 links
 []


Overfull \hbox (5.24995pt too wide) in paragraph at lines 27--29
\OT1/cmtt/m/n/10 =
 []


Overfull \hbox (15.74986pt too wide) in paragraph at lines 27--29
\OT1/cmtt/m/n/10 new
 []


Overfull \hbox (83.99927pt too wide) in paragraph at lines 27--29
\OT1/cmtt/m/n/10 HashSet<Link>();
 []

! Undefined control sequence.
l.31 \State
           \texttt{Zone n1 = new Zone(1);}
The control sequence at the end of the top line
of your error message was never \def'ed. If you have
misspelled it (e.g., `\hobx'), type `I' and the correct
spelling (e.g., `I\hbox'). Otherwise just continue,
and I'll forget about whatever was undefined.


! LaTeX Error: Missing \begin{document}.

See the LaTeX manual or LaTeX Companion for explanation.
Type  H <return>  for immediate help.
 ...                                              
                                                  
l.31 \State\texttt{Zone n1 = new Zone(1);}
                                          
You're in trouble here.  Try typing  <return>  to proceed.
If that doesn't work, type  X <return>  to quit.

! Undefined control sequence.
l.32 \State
           \texttt{ Node n2 = new Intersection(2, new PriorityTBR());}
The control sequence at the end of the top line
of your error message was never \def'ed. If you have
misspelled it (e.g., `\hobx'), type `I' and the correct
spelling (e.g., `I\hbox'). Otherwise just continue,
and I'll forget about whatever was undefined.

! Undefined control sequence.
l.33 \State
           \texttt{Node n3 = new Intersection(3, new PriorityTBR());}
The control sequence at the end of the top line
of your error message was never \def'ed. If you have
misspelled it (e.g., `\hobx'), type `I' and the correct
spelling (e.g., `I\hbox'). Otherwise just continue,
and I'll forget about whatever was undefined.

! Undefined control sequence.
l.34 \State
           \texttt{Zone n4 = new Zone(4);}
The control sequence at the end of the top line
of your error message was never \def'ed. If you have
misspelled it (e.g., `\hobx'), type `I' and the correct
spelling (e.g., `I\hbox'). Otherwise just continue,
and I'll forget about whatever was undefined.

! Undefined control sequence.
l.35 \State
           \texttt{Zone n1a = new Zone(10);\linebreak }
The control sequence at the end of the top line
of your error message was never \def'ed. If you have
misspelled it (e.g., `\hobx'), type `I' and the correct
spelling (e.g., `I\hbox'). Otherwise just continue,
and I'll forget about whatever was undefined.


Overfull \hbox (40.99982pt too wide) in paragraph at lines 31--36
[]\OT1/cmtt/m/n/10 Zone
 []


Overfull \hbox (10.49991pt too wide) in paragraph at lines 31--36
\OT1/cmtt/m/n/10 n1
 []


Overfull \hbox (5.24995pt too wide) in paragraph at lines 31--36
\OT1/cmtt/m/n/10 =
 []


Overfull \hbox (15.74986pt too wide) in paragraph at lines 31--36
\OT1/cmtt/m/n/10 new
 []


Overfull \hbox (41.99963pt too wide) in paragraph at lines 31--36
\OT1/cmtt/m/n/10 Zone(1);
 []


Overfull \hbox (20.99982pt too wide) in paragraph at lines 31--36
\OT1/cmtt/m/n/10 Node
 []


Overfull \hbox (10.49991pt too wide) in paragraph at lines 31--36
\OT1/cmtt/m/n/10 n2
 []


Overfull \hbox (5.24995pt too wide) in paragraph at lines 31--36
\OT1/cmtt/m/n/10 =
 []


Overfull \hbox (15.74986pt too wide) in paragraph at lines 31--36
\OT1/cmtt/m/n/10 new
 []


Overfull \hbox (78.74931pt too wide) in paragraph at lines 31--36
\OT1/cmtt/m/n/10 Intersection(2,
 []


Overfull \hbox (15.74986pt too wide) in paragraph at lines 31--36
\OT1/cmtt/m/n/10 new
 []


Overfull \hbox (78.74931pt too wide) in paragraph at lines 31--36
\OT1/cmtt/m/n/10 PriorityTBR());
 []


Overfull \hbox (20.99982pt too wide) in paragraph at lines 31--36
\OT1/cmtt/m/n/10 Node
 []


Overfull \hbox (10.49991pt too wide) in paragraph at lines 31--36
\OT1/cmtt/m/n/10 n3
 []


Overfull \hbox (5.24995pt too wide) in paragraph at lines 31--36
\OT1/cmtt/m/n/10 =
 []


Overfull \hbox (15.74986pt too wide) in paragraph at lines 31--36
\OT1/cmtt/m/n/10 new
 []


Overfull \hbox (78.74931pt too wide) in paragraph at lines 31--36
\OT1/cmtt/m/n/10 Intersection(3,
 []


Overfull \hbox (15.74986pt too wide) in paragraph at lines 31--36
\OT1/cmtt/m/n/10 new
 []


Overfull \hbox (78.74931pt too wide) in paragraph at lines 31--36
\OT1/cmtt/m/n/10 PriorityTBR());
 []


Overfull \hbox (20.99982pt too wide) in paragraph at lines 31--36
\OT1/cmtt/m/n/10 Zone
 []


Overfull \hbox (10.49991pt too wide) in paragraph at lines 31--36
\OT1/cmtt/m/n/10 n4
 []


Overfull \hbox (5.24995pt too wide) in paragraph at lines 31--36
\OT1/cmtt/m/n/10 =
 []


Overfull \hbox (15.74986pt too wide) in paragraph at lines 31--36
\OT1/cmtt/m/n/10 new
 []


Overfull \hbox (41.99963pt too wide) in paragraph at lines 31--36
\OT1/cmtt/m/n/10 Zone(4);
 []


Overfull \hbox (20.99982pt too wide) in paragraph at lines 31--36
\OT1/cmtt/m/n/10 Zone
 []


Overfull \hbox (15.74986pt too wide) in paragraph at lines 31--36
\OT1/cmtt/m/n/10 n1a
 []


Overfull \hbox (5.24995pt too wide) in paragraph at lines 31--36
\OT1/cmtt/m/n/10 =
 []


Overfull \hbox (15.74986pt too wide) in paragraph at lines 31--36
\OT1/cmtt/m/n/10 new
 []


Overfull \hbox (47.24959pt too wide) in paragraph at lines 31--36
\OT1/cmtt/m/n/10 Zone(10);
 []

! Undefined control sequence.
l.37 \State
           \texttt{nodes.add(n1);}
The control sequence at the end of the top line
of your error message was never \def'ed. If you have
misspelled it (e.g., `\hobx'), type `I' and the correct
spelling (e.g., `I\hbox'). Otherwise just continue,
and I'll forget about whatever was undefined.


! LaTeX Error: Missing \begin{document}.

See the LaTeX manual or LaTeX Companion for explanation.
Type  H <return>  for immediate help.
 ...                                              
                                                  
l.37 \State\texttt{nodes.add(n1);}
                                  
You're in trouble here.  Try typing  <return>  to proceed.
If that doesn't work, type  X <return>  to quit.

! Undefined control sequence.
l.38 \State
           \texttt{nodes.add(n2);}
The control sequence at the end of the top line
of your error message was never \def'ed. If you have
misspelled it (e.g., `\hobx'), type `I' and the correct
spelling (e.g., `I\hbox'). Otherwise just continue,
and I'll forget about whatever was undefined.

! Undefined control sequence.
l.39 \State
           \texttt{nodes.add(n3);}
The control sequence at the end of the top line
of your error message was never \def'ed. If you have
misspelled it (e.g., `\hobx'), type `I' and the correct
spelling (e.g., `I\hbox'). Otherwise just continue,
and I'll forget about whatever was undefined.

! Undefined control sequence.
l.40 \State
           \texttt{nodes.add(n4);}
The control sequence at the end of the top line
of your error message was never \def'ed. If you have
misspelled it (e.g., `\hobx'), type `I' and the correct
spelling (e.g., `I\hbox'). Otherwise just continue,
and I'll forget about whatever was undefined.

! Undefined control sequence.
l.41 \State
           \texttt{nodes.add(n1a);\linebreak }
The control sequence at the end of the top line
of your error message was never \def'ed. If you have
misspelled it (e.g., `\hobx'), type `I' and the correct
spelling (e.g., `I\hbox'). Otherwise just continue,
and I'll forget about whatever was undefined.


Overfull \hbox (93.49936pt too wide) in paragraph at lines 37--42
[]\OT1/cmtt/m/n/10 nodes.add(n1);
 []


Overfull \hbox (73.49936pt too wide) in paragraph at lines 37--42
\OT1/cmtt/m/n/10 nodes.add(n2);
 []


Overfull \hbox (73.49936pt too wide) in paragraph at lines 37--42
\OT1/cmtt/m/n/10 nodes.add(n3);
 []


Overfull \hbox (73.49936pt too wide) in paragraph at lines 37--42
\OT1/cmtt/m/n/10 nodes.add(n4);
 []


Overfull \hbox (78.74931pt too wide) in paragraph at lines 37--42
\OT1/cmtt/m/n/10 nodes.add(n1a);
 []

! Undefined control sequence.
l.43 \State
           \texttt{Link l12 = new CentroidConnector(12, n1, n2);}
The control sequence at the end of the top line
of your error message was never \def'ed. If you have
misspelled it (e.g., `\hobx'), type `I' and the correct
spelling (e.g., `I\hbox'). Otherwise just continue,
and I'll forget about whatever was undefined.


! LaTeX Error: Missing \begin{document}.

See the LaTeX manual or LaTeX Companion for explanation.
Type  H <return>  for immediate help.
 ...                                              
                                                  
l.43 ... l12 = new CentroidConnector(12, n1, n2);}
                                                  
You're in trouble here.  Try typing  <return>  to proceed.
If that doesn't work, type  X <return>  to quit.

! Undefined control sequence.
l.44 \State
           \texttt{Link l12a = new CentroidConnector(110, n1a, n2);}
The control sequence at the end of the top line
of your error message was never \def'ed. If you have
misspelled it (e.g., `\hobx'), type `I' and the correct
spelling (e.g., `I\hbox'). Otherwise just continue,
and I'll forget about whatever was undefined.

! Undefined control sequence.
l.45 \State
           \texttt{TransitLane t23 = new TransitLane(230, n2, n3, 1200, 30, ...
The control sequence at the end of the top line
of your error message was never \def'ed. If you have
misspelled it (e.g., `\hobx'), type `I' and the correct
spelling (e.g., `I\hbox'). Otherwise just continue,
and I'll forget about whatever was undefined.

! Undefined control sequence.
l.46 \State
           \texttt{CTMLink l23 = new SharedTransitCTMLink(23, n2, n3, 1200, ...
The control sequence at the end of the top line
of your error message was never \def'ed. If you have
misspelled it (e.g., `\hobx'), type `I' and the correct
spelling (e.g., `I\hbox'). Otherwise just continue,
and I'll forget about whatever was undefined.

! Undefined control sequence.
l.47 \State
           \texttt{Link l34 = new CentroidConnector(34, n3, n4);\linebreak }
The control sequence at the end of the top line
of your error message was never \def'ed. If you have
misspelled it (e.g., `\hobx'), type `I' and the correct
spelling (e.g., `I\hbox'). Otherwise just continue,
and I'll forget about whatever was undefined.


Overfull \hbox (40.99982pt too wide) in paragraph at lines 43--48
[]\OT1/cmtt/m/n/10 Link
 []


Overfull \hbox (15.74986pt too wide) in paragraph at lines 43--48
\OT1/cmtt/m/n/10 l12
 []


Overfull \hbox (5.24995pt too wide) in paragraph at lines 43--48
\OT1/cmtt/m/n/10 =
 []


Overfull \hbox (15.74986pt too wide) in paragraph at lines 43--48
\OT1/cmtt/m/n/10 new
 []


Overfull \hbox (110.24904pt too wide) in paragraph at lines 43--48
\OT1/cmtt/m/n/10 CentroidConnector(12,
 []


Overfull \hbox (15.74986pt too wide) in paragraph at lines 43--48
\OT1/cmtt/m/n/10 n1,
 []


Overfull \hbox (20.99982pt too wide) in paragraph at lines 43--48
\OT1/cmtt/m/n/10 n2);
 []


Overfull \hbox (20.99982pt too wide) in paragraph at lines 43--48
\OT1/cmtt/m/n/10 Link
 []


Overfull \hbox (20.99982pt too wide) in paragraph at lines 43--48
\OT1/cmtt/m/n/10 l12a
 []


Overfull \hbox (5.24995pt too wide) in paragraph at lines 43--48
\OT1/cmtt/m/n/10 =
 []


Overfull \hbox (15.74986pt too wide) in paragraph at lines 43--48
\OT1/cmtt/m/n/10 new
 []


Overfull \hbox (115.499pt too wide) in paragraph at lines 43--48
\OT1/cmtt/m/n/10 CentroidConnector(110,
 []


Overfull \hbox (20.99982pt too wide) in paragraph at lines 43--48
\OT1/cmtt/m/n/10 n1a,
 []


Overfull \hbox (20.99982pt too wide) in paragraph at lines 43--48
\OT1/cmtt/m/n/10 n2);
 []


Overfull \hbox (57.7495pt too wide) in paragraph at lines 43--48
\OT1/cmtt/m/n/10 TransitLane
 []


Overfull \hbox (15.74986pt too wide) in paragraph at lines 43--48
\OT1/cmtt/m/n/10 t23
 []


Overfull \hbox (5.24995pt too wide) in paragraph at lines 43--48
\OT1/cmtt/m/n/10 =
 []


Overfull \hbox (15.74986pt too wide) in paragraph at lines 43--48
\OT1/cmtt/m/n/10 new
 []


Overfull \hbox (83.99927pt too wide) in paragraph at lines 43--48
\OT1/cmtt/m/n/10 TransitLane(230,
 []


Overfull \hbox (15.74986pt too wide) in paragraph at lines 43--48
\OT1/cmtt/m/n/10 n2,
 []


Overfull \hbox (15.74986pt too wide) in paragraph at lines 43--48
\OT1/cmtt/m/n/10 n3,
 []


Overfull \hbox (26.24977pt too wide) in paragraph at lines 43--48
\OT1/cmtt/m/n/10 1200,
 []


Overfull \hbox (15.74986pt too wide) in paragraph at lines 43--48
\OT1/cmtt/m/n/10 30,
 []


Overfull \hbox (15.74986pt too wide) in paragraph at lines 43--48
\OT1/cmtt/m/n/10 15,
 []


Overfull \hbox (145.52872pt too wide) in paragraph at lines 43--48
\OT1/cmtt/m/n/10 5280/Vehicle.vehicle[]length,
 []


Overfull \hbox (26.24977pt too wide) in paragraph at lines 43--48
\OT1/cmtt/m/n/10 2.0);
 []


Overfull \hbox (36.74968pt too wide) in paragraph at lines 43--48
\OT1/cmtt/m/n/10 CTMLink
 []


Overfull \hbox (15.74986pt too wide) in paragraph at lines 43--48
\OT1/cmtt/m/n/10 l23
 []


Overfull \hbox (5.24995pt too wide) in paragraph at lines 43--48
\OT1/cmtt/m/n/10 =
 []


Overfull \hbox (15.74986pt too wide) in paragraph at lines 43--48
\OT1/cmtt/m/n/10 new
 []


Overfull \hbox (125.9989pt too wide) in paragraph at lines 43--48
\OT1/cmtt/m/n/10 SharedTransitCTMLink(23,
 []


Overfull \hbox (15.74986pt too wide) in paragraph at lines 43--48
\OT1/cmtt/m/n/10 n2,
 []


Overfull \hbox (15.74986pt too wide) in paragraph at lines 43--48
\OT1/cmtt/m/n/10 n3,
 []


Overfull \hbox (26.24977pt too wide) in paragraph at lines 43--48
\OT1/cmtt/m/n/10 1200,
 []


Overfull \hbox (15.74986pt too wide) in paragraph at lines 43--48
\OT1/cmtt/m/n/10 30,
 []


Overfull \hbox (15.74986pt too wide) in paragraph at lines 43--48
\OT1/cmtt/m/n/10 15,
 []


Overfull \hbox (156.02863pt too wide) in paragraph at lines 43--48
\OT1/cmtt/m/n/10 5280.0/Vehicle.vehicle[]length,
 []


Overfull \hbox (20.99982pt too wide) in paragraph at lines 43--48
\OT1/cmtt/m/n/10 2.0,
 []


Overfull \hbox (10.49991pt too wide) in paragraph at lines 43--48
\OT1/cmtt/m/n/10 1,
 []


Overfull \hbox (26.24977pt too wide) in paragraph at lines 43--48
\OT1/cmtt/m/n/10 t23);
 []


Overfull \hbox (20.99982pt too wide) in paragraph at lines 43--48
\OT1/cmtt/m/n/10 Link
 []


Overfull \hbox (15.74986pt too wide) in paragraph at lines 43--48
\OT1/cmtt/m/n/10 l34
 []


Overfull \hbox (5.24995pt too wide) in paragraph at lines 43--48
\OT1/cmtt/m/n/10 =
 []


Overfull \hbox (15.74986pt too wide) in paragraph at lines 43--48
\OT1/cmtt/m/n/10 new
 []


Overfull \hbox (110.24904pt too wide) in paragraph at lines 43--48
\OT1/cmtt/m/n/10 CentroidConnector(34,
 []


Overfull \hbox (15.74986pt too wide) in paragraph at lines 43--48
\OT1/cmtt/m/n/10 n3,
 []


Overfull \hbox (20.99982pt too wide) in paragraph at lines 43--48
\OT1/cmtt/m/n/10 n4);
 []

! Undefined control sequence.
l.49 \State
           \texttt{links.add(l12);}
The control sequence at the end of the top line
of your error message was never \def'ed. If you have
misspelled it (e.g., `\hobx'), type `I' and the correct
spelling (e.g., `I\hbox'). Otherwise just continue,
and I'll forget about whatever was undefined.


! LaTeX Error: Missing \begin{document}.

See the LaTeX manual or LaTeX Companion for explanation.
Type  H <return>  for immediate help.
 ...                                              
                                                  
l.49 \State\texttt{links.add(l12);}
                                   
You're in trouble here.  Try typing  <return>  to proceed.
If that doesn't work, type  X <return>  to quit.

! Undefined control sequence.
l.50 \State
           \texttt{links.add(t23);}
The control sequence at the end of the top line
of your error message was never \def'ed. If you have
misspelled it (e.g., `\hobx'), type `I' and the correct
spelling (e.g., `I\hbox'). Otherwise just continue,
and I'll forget about whatever was undefined.

! Undefined control sequence.
l.51 \State
           \texttt{links.add(l23);}
The control sequence at the end of the top line
of your error message was never \def'ed. If you have
misspelled it (e.g., `\hobx'), type `I' and the correct
spelling (e.g., `I\hbox'). Otherwise just continue,
and I'll forget about whatever was undefined.

! Undefined control sequence.
l.52 \State
           \texttt{links.add(l34);}
The control sequence at the end of the top line
of your error message was never \def'ed. If you have
misspelled it (e.g., `\hobx'), type `I' and the correct
spelling (e.g., `I\hbox'). Otherwise just continue,
and I'll forget about whatever was undefined.

! Undefined control sequence.
l.53 \State
           \texttt{links.add(l12a);\linebreak }
The control sequence at the end of the top line
of your error message was never \def'ed. If you have
misspelled it (e.g., `\hobx'), type `I' and the correct
spelling (e.g., `I\hbox'). Otherwise just continue,
and I'll forget about whatever was undefined.


Overfull \hbox (98.74931pt too wide) in paragraph at lines 49--54
[]\OT1/cmtt/m/n/10 links.add(l12);
 []


Overfull \hbox (78.74931pt too wide) in paragraph at lines 49--54
\OT1/cmtt/m/n/10 links.add(t23);
 []


Overfull \hbox (78.74931pt too wide) in paragraph at lines 49--54
\OT1/cmtt/m/n/10 links.add(l23);
 []


Overfull \hbox (78.74931pt too wide) in paragraph at lines 49--54
\OT1/cmtt/m/n/10 links.add(l34);
 []


Overfull \hbox (83.99927pt too wide) in paragraph at lines 49--54
\OT1/cmtt/m/n/10 links.add(l12a);
 []

! Undefined control sequence.
l.55 \State
           \texttt{sim.setNetwork(nodes, links);}
The control sequence at the end of the top line
of your error message was never \def'ed. If you have
misspelled it (e.g., `\hobx'), type `I' and the correct
spelling (e.g., `I\hbox'). Otherwise just continue,
and I'll forget about whatever was undefined.


! LaTeX Error: Missing \begin{document}.

See the LaTeX manual or LaTeX Companion for explanation.
Type  H <return>  for immediate help.
 ...                                              
                                                  
l.55 \State\texttt{sim.setNetwork(nodes, links);}
                                                 
You're in trouble here.  Try typing  <return>  to proceed.
If that doesn't work, type  X <return>  to quit.


! LaTeX Error: \begin{document} ended by \end{algorithmic}.

See the LaTeX manual or LaTeX Companion for explanation.
Type  H <return>  for immediate help.
 ...                                              
                                                  
l.56 \end{algorithmic}
                      
Your command was ignored.
Type  I <command> <return>  to replace it with another command,
or  <return>  to continue without it.

)
! Emergency stop.
<*> tutorials.tex
                 
*** (job aborted, no legal \end found)

 
Here is how much of TeX's memory you used:
 20 strings out of 493921
 414 string characters out of 3147276
 52031 words of memory out of 3000000
 3410 multiletter control sequences out of 15000+200000
 3808 words of font info for 15 fonts, out of 3000000 for 9000
 841 hyphenation exceptions out of 8191
 18i,1n,14p,171b,134s stack positions out of 5000i,500n,10000p,200000b,50000s
!  ==> Fatal error occurred, no output PDF file produced!
